Determining if the function getnameinfo exists failed with the following output:
Change Dir: C:/Users/verpa/Desktop/mysql_test/Mysql_test/mysql-connector-c-6.1.10-src/cmake/CMakeFiles/CMakeTmp

Run Build Command:"C:/Program Files (x86)/MSBuild/14.0/bin/MSBuild.exe" "cmTC_d5603.vcxproj" "/p:Configuration=Debug" "/p:VisualStudioVersion=14.0"
Microsoft (R) 生成引擎版本 14.0.25420.1
版权所有(C) Microsoft Corporation。保留所有权利。

生成启动时间为 2017/5/17 16:26:03。
节点 1 上的项目“C:\Users\verpa\Desktop\mysql_test\Mysql_test\mysql-connector-c-6.1.10-src\cmake\CMakeFiles\CMakeTmp\cmTC_d5603.vcxproj”(默认目标)。
PrepareForBuild:
  正在创建目录“cmTC_d5603.dir\Debug\”。
  正在创建目录“C:\Users\verpa\Desktop\mysql_test\Mysql_test\mysql-connector-c-6.1.10-src\cmake\CMakeFiles\CMakeTmp\Debug\”。
  正在创建目录“cmTC_d5603.dir\Debug\cmTC_d5603.tlog\”。
InitializeBuildStatus:
  正在创建“cmTC_d5603.dir\Debug\cmTC_d5603.tlog\unsuccessfulbuild”，因为已指定“AlwaysCreate”。
ClCompile:
  C:\Program Files (x86)\Microsoft Visual Studio 14.0\VC\bin\CL.exe /c /Zi /W3 /WX- /MP /Od /Ob0 /Oy- /D WIN32 /D _WINDOWS /D CHECK_FUNCTION_EXISTS=getnameinfo /D _WIN32_WINNT=0x0601 /D _DEBUG /D "CMAKE_INTDIR=\"Debug\"" /D _MBCS /Gm- /RTC1 /MDd /GS /fp:precise /Zc:wchar_t /Zc:forScope /Zc:inline /Fo"cmTC_d5603.dir\Debug\\" /Fd"cmTC_d5603.dir\Debug\vc140.pdb" /Gd /TC /wd4800 /wd4805 /wd4996 /analyze- /errorReport:queue "C:\Program Files\CMake\share\cmake-3.7\Modules\CheckFunctionExists.c"
  Microsoft (R) C/C++ Optimizing Compiler Version 19.00.24215.1 for x86
  Copyright (C) Microsoft Corporation.  All rights reserved.
  
  cl /c /Zi /W3 /WX- /MP /Od /Ob0 /Oy- /D WIN32 /D _WINDOWS /D CHECK_FUNCTION_EXISTS=getnameinfo /D _WIN32_WINNT=0x0601 /D _DEBUG /D "CMAKE_INTDIR=\"Debug\"" /D _MBCS /Gm- /RTC1 /MDd /GS /fp:precise /Zc:wchar_t /Zc:forScope /Zc:inline /Fo"cmTC_d5603.dir\Debug\\" /Fd"cmTC_d5603.dir\Debug\vc140.pdb" /Gd /TC /wd4800 /wd4805 /wd4996 /analyze- /errorReport:queue "C:\Program Files\CMake\share\cmake-3.7\Modules\CheckFunctionExists.c"
  
  CheckFunctionExists.c
Link:
  C:\Program Files (x86)\Microsoft Visual Studio 14.0\VC\bin\link.exe /ERRORREPORT:QUEUE /OUT:"C:\Users\verpa\Desktop\mysql_test\Mysql_test\mysql-connector-c-6.1.10-src\cmake\CMakeFiles\CMakeTmp\Debug\cmTC_d5603.exe" /INCREMENTAL /NOLOGO kernel32.lib user32.lib gdi32.lib winspool.lib shell32.lib ole32.lib oleaut32.lib uuid.lib comdlg32.lib advapi32.lib ws2_32.lib /MANIFEST /MANIFESTUAC:"level='asInvoker' uiAccess='false'" /manifest:embed /DEBUG /PDB:"C:/Users/verpa/Desktop/mysql_test/Mysql_test/mysql-connector-c-6.1.10-src/cmake/CMakeFiles/CMakeTmp/Debug/cmTC_d5603.pdb" /SUBSYSTEM:CONSOLE /TLBID:1 /DYNAMICBASE /NXCOMPAT /IMPLIB:"C:/Users/verpa/Desktop/mysql_test/Mysql_test/mysql-connector-c-6.1.10-src/cmake/CMakeFiles/CMakeTmp/Debug/cmTC_d5603.lib" /MACHINE:X86 /SAFESEH  /machine:X86 cmTC_d5603.dir\Debug\CheckFunctionExists.obj
CheckFunctionExists.obj : error LNK2019: unresolved external symbol _getnameinfo referenced in function _main [C:\Users\verpa\Desktop\mysql_test\Mysql_test\mysql-connector-c-6.1.10-src\cmake\CMakeFiles\CMakeTmp\cmTC_d5603.vcxproj]
C:\Users\verpa\Desktop\mysql_test\Mysql_test\mysql-connector-c-6.1.10-src\cmake\CMakeFiles\CMakeTmp\Debug\cmTC_d5603.exe : fatal error LNK1120: 1 unresolved externals [C:\Users\verpa\Desktop\mysql_test\Mysql_test\mysql-connector-c-6.1.10-src\cmake\CMakeFiles\CMakeTmp\cmTC_d5603.vcxproj]
已完成生成项目“C:\Users\verpa\Desktop\mysql_test\Mysql_test\mysql-connector-c-6.1.10-src\cmake\CMakeFiles\CMakeTmp\cmTC_d5603.vcxproj”(默认目标)的操作 - 失败。

生成失败。

“C:\Users\verpa\Desktop\mysql_test\Mysql_test\mysql-connector-c-6.1.10-src\cmake\CMakeFiles\CMakeTmp\cmTC_d5603.vcxproj”(默认目标) (1) ->
(Link 目标) -> 
  CheckFunctionExists.obj : error LNK2019: unresolved external symbol _getnameinfo referenced in function _main [C:\Users\verpa\Desktop\mysql_test\Mysql_test\mysql-connector-c-6.1.10-src\cmake\CMakeFiles\CMakeTmp\cmTC_d5603.vcxproj]
  C:\Users\verpa\Desktop\mysql_test\Mysql_test\mysql-connector-c-6.1.10-src\cmake\CMakeFiles\CMakeTmp\Debug\cmTC_d5603.exe : fatal error LNK1120: 1 unresolved externals [C:\Users\verpa\Desktop\mysql_test\Mysql_test\mysql-connector-c-6.1.10-src\cmake\CMakeFiles\CMakeTmp\cmTC_d5603.vcxproj]

    0 个警告
    2 个错误

已用时间 00:00:01.43


Determining if the function inet_ntop exists failed with the following output:
Change Dir: C:/Users/verpa/Desktop/mysql_test/Mysql_test/mysql-connector-c-6.1.10-src/cmake/CMakeFiles/CMakeTmp

Run Build Command:"C:/Program Files (x86)/MSBuild/14.0/bin/MSBuild.exe" "cmTC_80959.vcxproj" "/p:Configuration=Debug" "/p:VisualStudioVersion=14.0"
Microsoft (R) 生成引擎版本 14.0.25420.1
版权所有(C) Microsoft Corporation。保留所有权利。

生成启动时间为 2017/5/17 16:26:06。
节点 1 上的项目“C:\Users\verpa\Desktop\mysql_test\Mysql_test\mysql-connector-c-6.1.10-src\cmake\CMakeFiles\CMakeTmp\cmTC_80959.vcxproj”(默认目标)。
PrepareForBuild:
  正在创建目录“cmTC_80959.dir\Debug\”。
  正在创建目录“C:\Users\verpa\Desktop\mysql_test\Mysql_test\mysql-connector-c-6.1.10-src\cmake\CMakeFiles\CMakeTmp\Debug\”。
  正在创建目录“cmTC_80959.dir\Debug\cmTC_80959.tlog\”。
InitializeBuildStatus:
  正在创建“cmTC_80959.dir\Debug\cmTC_80959.tlog\unsuccessfulbuild”，因为已指定“AlwaysCreate”。
ClCompile:
  C:\Program Files (x86)\Microsoft Visual Studio 14.0\VC\bin\CL.exe /c /Zi /W3 /WX- /MP /Od /Ob0 /Oy- /D WIN32 /D _WINDOWS /D CHECK_FUNCTION_EXISTS=inet_ntop /D _WIN32_WINNT=0x0601 /D _DEBUG /D "CMAKE_INTDIR=\"Debug\"" /D _MBCS /Gm- /RTC1 /MDd /GS /fp:precise /Zc:wchar_t /Zc:forScope /Zc:inline /Fo"cmTC_80959.dir\Debug\\" /Fd"cmTC_80959.dir\Debug\vc140.pdb" /Gd /TC /wd4800 /wd4805 /wd4996 /analyze- /errorReport:queue "C:\Program Files\CMake\share\cmake-3.7\Modules\CheckFunctionExists.c"
  Microsoft (R) C/C++ Optimizing Compiler Version 19.00.24215.1 for x86
  Copyright (C) Microsoft Corporation.  All rights reserved.
  
  cl /c /Zi /W3 /WX- /MP /Od /Ob0 /Oy- /D WIN32 /D _WINDOWS /D CHECK_FUNCTION_EXISTS=inet_ntop /D _WIN32_WINNT=0x0601 /D _DEBUG /D "CMAKE_INTDIR=\"Debug\"" /D _MBCS /Gm- /RTC1 /MDd /GS /fp:precise /Zc:wchar_t /Zc:forScope /Zc:inline /Fo"cmTC_80959.dir\Debug\\" /Fd"cmTC_80959.dir\Debug\vc140.pdb" /Gd /TC /wd4800 /wd4805 /wd4996 /analyze- /errorReport:queue "C:\Program Files\CMake\share\cmake-3.7\Modules\CheckFunctionExists.c"
  
  CheckFunctionExists.c
Link:
  C:\Program Files (x86)\Microsoft Visual Studio 14.0\VC\bin\link.exe /ERRORREPORT:QUEUE /OUT:"C:\Users\verpa\Desktop\mysql_test\Mysql_test\mysql-connector-c-6.1.10-src\cmake\CMakeFiles\CMakeTmp\Debug\cmTC_80959.exe" /INCREMENTAL /NOLOGO kernel32.lib user32.lib gdi32.lib winspool.lib shell32.lib ole32.lib oleaut32.lib uuid.lib comdlg32.lib advapi32.lib ws2_32.lib /MANIFEST /MANIFESTUAC:"level='asInvoker' uiAccess='false'" /manifest:embed /DEBUG /PDB:"C:/Users/verpa/Desktop/mysql_test/Mysql_test/mysql-connector-c-6.1.10-src/cmake/CMakeFiles/CMakeTmp/Debug/cmTC_80959.pdb" /SUBSYSTEM:CONSOLE /TLBID:1 /DYNAMICBASE /NXCOMPAT /IMPLIB:"C:/Users/verpa/Desktop/mysql_test/Mysql_test/mysql-connector-c-6.1.10-src/cmake/CMakeFiles/CMakeTmp/Debug/cmTC_80959.lib" /MACHINE:X86 /SAFESEH  /machine:X86 cmTC_80959.dir\Debug\CheckFunctionExists.obj
CheckFunctionExists.obj : error LNK2019: unresolved external symbol _inet_ntop referenced in function _main [C:\Users\verpa\Desktop\mysql_test\Mysql_test\mysql-connector-c-6.1.10-src\cmake\CMakeFiles\CMakeTmp\cmTC_80959.vcxproj]
C:\Users\verpa\Desktop\mysql_test\Mysql_test\mysql-connector-c-6.1.10-src\cmake\CMakeFiles\CMakeTmp\Debug\cmTC_80959.exe : fatal error LNK1120: 1 unresolved externals [C:\Users\verpa\Desktop\mysql_test\Mysql_test\mysql-connector-c-6.1.10-src\cmake\CMakeFiles\CMakeTmp\cmTC_80959.vcxproj]
已完成生成项目“C:\Users\verpa\Desktop\mysql_test\Mysql_test\mysql-connector-c-6.1.10-src\cmake\CMakeFiles\CMakeTmp\cmTC_80959.vcxproj”(默认目标)的操作 - 失败。

生成失败。

“C:\Users\verpa\Desktop\mysql_test\Mysql_test\mysql-connector-c-6.1.10-src\cmake\CMakeFiles\CMakeTmp\cmTC_80959.vcxproj”(默认目标) (1) ->
(Link 目标) -> 
  CheckFunctionExists.obj : error LNK2019: unresolved external symbol _inet_ntop referenced in function _main [C:\Users\verpa\Desktop\mysql_test\Mysql_test\mysql-connector-c-6.1.10-src\cmake\CMakeFiles\CMakeTmp\cmTC_80959.vcxproj]
  C:\Users\verpa\Desktop\mysql_test\Mysql_test\mysql-connector-c-6.1.10-src\cmake\CMakeFiles\CMakeTmp\Debug\cmTC_80959.exe : fatal error LNK1120: 1 unresolved externals [C:\Users\verpa\Desktop\mysql_test\Mysql_test\mysql-connector-c-6.1.10-src\cmake\CMakeFiles\CMakeTmp\cmTC_80959.vcxproj]

    0 个警告
    2 个错误

已用时间 00:00:01.39


Performing C++ SOURCE FILE Test HAVE_VISIBILITY_HIDDEN failed with the following output:
Change Dir: C:/Users/verpa/Desktop/mysql_test/Mysql_test/mysql-connector-c-6.1.10-src/cmake/CMakeFiles/CMakeTmp

Run Build Command:"C:/Program Files (x86)/MSBuild/14.0/bin/MSBuild.exe" "cmTC_bd032.vcxproj" "/p:Configuration=Debug" "/p:VisualStudioVersion=14.0"
Microsoft (R) 生成引擎版本 14.0.25420.1
版权所有(C) Microsoft Corporation。保留所有权利。

生成启动时间为 2017/5/17 16:26:16。
节点 1 上的项目“C:\Users\verpa\Desktop\mysql_test\Mysql_test\mysql-connector-c-6.1.10-src\cmake\CMakeFiles\CMakeTmp\cmTC_bd032.vcxproj”(默认目标)。
PrepareForBuild:
  正在创建目录“cmTC_bd032.dir\Debug\”。
  正在创建目录“C:\Users\verpa\Desktop\mysql_test\Mysql_test\mysql-connector-c-6.1.10-src\cmake\CMakeFiles\CMakeTmp\Debug\”。
  正在创建目录“cmTC_bd032.dir\Debug\cmTC_bd032.tlog\”。
InitializeBuildStatus:
  正在创建“cmTC_bd032.dir\Debug\cmTC_bd032.tlog\unsuccessfulbuild”，因为已指定“AlwaysCreate”。
ClCompile:
  C:\Program Files (x86)\Microsoft Visual Studio 14.0\VC\bin\CL.exe /c /Zi /W3 /WX- /MP /Od /Ob0 /Oy- /D WIN32 /D _WINDOWS /D HAVE_VISIBILITY_HIDDEN /D _WIN32_WINNT=0x0601 /D _DEBUG /D _LARGEFILE_SOURCE /D _LARGE_FILES /D _FILE_OFFSET_BITS=64 /D __STDC_LIMIT_MACROS /D __STDC_CONSTANT_MACROS /D __STDC_FORMAT_MACROS /D "CMAKE_INTDIR=\"Debug\"" /D _MBCS /Gm- /EHsc /RTC1 /MDd /GS /fp:precise /Zc:wchar_t /Zc:forScope /Zc:inline /GR /Fo"cmTC_bd032.dir\Debug\\" /Fd"cmTC_bd032.dir\Debug\vc140.pdb" /Gd /TP /wd4800 /wd4805 /wd4996 /analyze- /errorReport:queue /we4099  -fvisibility=hidden "C:\Users\verpa\Desktop\mysql_test\Mysql_test\mysql-connector-c-6.1.10-src\cmake\CMakeFiles\CMakeTmp\src.cxx"
  Microsoft (R) C/C++ Optimizing Compiler Version 19.00.24215.1 for x86
  Copyright (C) Microsoft Corporation.  All rights reserved.
  
  cl /c /Zi /W3 /WX- /MP /Od /Ob0 /Oy- /D WIN32 /D _WINDOWS /D HAVE_VISIBILITY_HIDDEN /D _WIN32_WINNT=0x0601 /D _DEBUG /D _LARGEFILE_SOURCE /D _LARGE_FILES /D _FILE_OFFSET_BITS=64 /D __STDC_LIMIT_MACROS /D __STDC_CONSTANT_MACROS /D __STDC_FORMAT_MACROS /D "CMAKE_INTDIR=\"Debug\"" /D _MBCS /Gm- /EHsc /RTC1 /MDd /GS /fp:precise /Zc:wchar_t /Zc:forScope /Zc:inline /GR /Fo"cmTC_bd032.dir\Debug\\" /Fd"cmTC_bd032.dir\Debug\vc140.pdb" /Gd /TP /wd4800 /wd4805 /wd4996 /analyze- /errorReport:queue /we4099  -fvisibility=hidden "C:\Users\verpa\Desktop\mysql_test\Mysql_test\mysql-connector-c-6.1.10-src\cmake\CMakeFiles\CMakeTmp\src.cxx"
  
cl : Command line warning D9002: ignoring unknown option '-fvisibility=hidden' [C:\Users\verpa\Desktop\mysql_test\Mysql_test\mysql-connector-c-6.1.10-src\cmake\CMakeFiles\CMakeTmp\cmTC_bd032.vcxproj]
  src.cxx
Link:
  C:\Program Files (x86)\Microsoft Visual Studio 14.0\VC\bin\link.exe /ERRORREPORT:QUEUE /OUT:"C:\Users\verpa\Desktop\mysql_test\Mysql_test\mysql-connector-c-6.1.10-src\cmake\CMakeFiles\CMakeTmp\Debug\cmTC_bd032.exe" /INCREMENTAL /NOLOGO kernel32.lib user32.lib gdi32.lib winspool.lib shell32.lib ole32.lib oleaut32.lib uuid.lib comdlg32.lib advapi32.lib ws2_32.lib /MANIFEST /MANIFESTUAC:"level='asInvoker' uiAccess='false'" /manifest:embed /DEBUG /PDB:"C:/Users/verpa/Desktop/mysql_test/Mysql_test/mysql-connector-c-6.1.10-src/cmake/CMakeFiles/CMakeTmp/Debug/cmTC_bd032.pdb" /SUBSYSTEM:CONSOLE /TLBID:1 /DYNAMICBASE /NXCOMPAT /IMPLIB:"C:/Users/verpa/Desktop/mysql_test/Mysql_test/mysql-connector-c-6.1.10-src/cmake/CMakeFiles/CMakeTmp/Debug/cmTC_bd032.lib" /MACHINE:X86 /SAFESEH  /machine:X86 cmTC_bd032.dir\Debug\src.obj
  cmTC_bd032.vcxproj -> C:\Users\verpa\Desktop\mysql_test\Mysql_test\mysql-connector-c-6.1.10-src\cmake\CMakeFiles\CMakeTmp\Debug\cmTC_bd032.exe
FinalizeBuildStatus:
  正在删除文件“cmTC_bd032.dir\Debug\cmTC_bd032.tlog\unsuccessfulbuild”。
  正在对“cmTC_bd032.dir\Debug\cmTC_bd032.tlog\cmTC_bd032.lastbuildstate”执行 Touch 任务。
已完成生成项目“C:\Users\verpa\Desktop\mysql_test\Mysql_test\mysql-connector-c-6.1.10-src\cmake\CMakeFiles\CMakeTmp\cmTC_bd032.vcxproj”(默认目标)的操作。

已成功生成。

“C:\Users\verpa\Desktop\mysql_test\Mysql_test\mysql-connector-c-6.1.10-src\cmake\CMakeFiles\CMakeTmp\cmTC_bd032.vcxproj”(默认目标) (1) ->
(ClCompile 目标) -> 
  cl : Command line warning D9002: ignoring unknown option '-fvisibility=hidden' [C:\Users\verpa\Desktop\mysql_test\Mysql_test\mysql-connector-c-6.1.10-src\cmake\CMakeFiles\CMakeTmp\cmTC_bd032.vcxproj]

    1 个警告
    0 个错误

已用时间 00:00:01.99

Source file was:
int main(void) { return 0; }
Determining if the function chown exists failed with the following output:
Change Dir: C:/Users/verpa/Desktop/mysql_test/Mysql_test/mysql-connector-c-6.1.10-src/cmake/CMakeFiles/CMakeTmp

Run Build Command:"C:/Program Files (x86)/MSBuild/14.0/bin/MSBuild.exe" "cmTC_01899.vcxproj" "/p:Configuration=Debug" "/p:VisualStudioVersion=14.0"
Microsoft (R) 生成引擎版本 14.0.25420.1
版权所有(C) Microsoft Corporation。保留所有权利。

生成启动时间为 2017/5/17 16:26:30。
节点 1 上的项目“C:\Users\verpa\Desktop\mysql_test\Mysql_test\mysql-connector-c-6.1.10-src\cmake\CMakeFiles\CMakeTmp\cmTC_01899.vcxproj”(默认目标)。
PrepareForBuild:
  正在创建目录“cmTC_01899.dir\Debug\”。
  正在创建目录“C:\Users\verpa\Desktop\mysql_test\Mysql_test\mysql-connector-c-6.1.10-src\cmake\CMakeFiles\CMakeTmp\Debug\”。
  正在创建目录“cmTC_01899.dir\Debug\cmTC_01899.tlog\”。
InitializeBuildStatus:
  正在创建“cmTC_01899.dir\Debug\cmTC_01899.tlog\unsuccessfulbuild”，因为已指定“AlwaysCreate”。
ClCompile:
  C:\Program Files (x86)\Microsoft Visual Studio 14.0\VC\bin\CL.exe /c /Zi /W3 /WX- /MP /Od /Ob0 /Oy- /D WIN32 /D _WINDOWS /D CHECK_FUNCTION_EXISTS=chown /D _WIN32_WINNT=0x0601 /D _DEBUG /D _LARGEFILE_SOURCE /D _LARGE_FILES /D _FILE_OFFSET_BITS=64 /D __STDC_LIMIT_MACROS /D __STDC_CONSTANT_MACROS /D __STDC_FORMAT_MACROS /D "CMAKE_INTDIR=\"Debug\"" /D _MBCS /Gm- /RTC1 /MDd /GS /fp:precise /Zc:wchar_t /Zc:forScope /Zc:inline /Fo"cmTC_01899.dir\Debug\\" /Fd"cmTC_01899.dir\Debug\vc140.pdb" /Gd /TC /wd4800 /wd4805 /wd4996 /analyze- /errorReport:queue "C:\Program Files\CMake\share\cmake-3.7\Modules\CheckFunctionExists.c"
  Microsoft (R) C/C++ Optimizing Compiler Version 19.00.24215.1 for x86
  Copyright (C) Microsoft Corporation.  All rights reserved.
  
  cl /c /Zi /W3 /WX- /MP /Od /Ob0 /Oy- /D WIN32 /D _WINDOWS /D CHECK_FUNCTION_EXISTS=chown /D _WIN32_WINNT=0x0601 /D _DEBUG /D _LARGEFILE_SOURCE /D _LARGE_FILES /D _FILE_OFFSET_BITS=64 /D __STDC_LIMIT_MACROS /D __STDC_CONSTANT_MACROS /D __STDC_FORMAT_MACROS /D "CMAKE_INTDIR=\"Debug\"" /D _MBCS /Gm- /RTC1 /MDd /GS /fp:precise /Zc:wchar_t /Zc:forScope /Zc:inline /Fo"cmTC_01899.dir\Debug\\" /Fd"cmTC_01899.dir\Debug\vc140.pdb" /Gd /TC /wd4800 /wd4805 /wd4996 /analyze- /errorReport:queue "C:\Program Files\CMake\share\cmake-3.7\Modules\CheckFunctionExists.c"
  
  CheckFunctionExists.c
Link:
  C:\Program Files (x86)\Microsoft Visual Studio 14.0\VC\bin\link.exe /ERRORREPORT:QUEUE /OUT:"C:\Users\verpa\Desktop\mysql_test\Mysql_test\mysql-connector-c-6.1.10-src\cmake\CMakeFiles\CMakeTmp\Debug\cmTC_01899.exe" /INCREMENTAL /NOLOGO kernel32.lib user32.lib gdi32.lib winspool.lib shell32.lib ole32.lib oleaut32.lib uuid.lib comdlg32.lib advapi32.lib ws2_32.lib /MANIFEST /MANIFESTUAC:"level='asInvoker' uiAccess='false'" /manifest:embed /DEBUG /PDB:"C:/Users/verpa/Desktop/mysql_test/Mysql_test/mysql-connector-c-6.1.10-src/cmake/CMakeFiles/CMakeTmp/Debug/cmTC_01899.pdb" /SUBSYSTEM:CONSOLE /TLBID:1 /DYNAMICBASE /NXCOMPAT /IMPLIB:"C:/Users/verpa/Desktop/mysql_test/Mysql_test/mysql-connector-c-6.1.10-src/cmake/CMakeFiles/CMakeTmp/Debug/cmTC_01899.lib" /MACHINE:X86 /SAFESEH  /machine:X86 cmTC_01899.dir\Debug\CheckFunctionExists.obj
CheckFunctionExists.obj : error LNK2019: unresolved external symbol _chown referenced in function _main [C:\Users\verpa\Desktop\mysql_test\Mysql_test\mysql-connector-c-6.1.10-src\cmake\CMakeFiles\CMakeTmp\cmTC_01899.vcxproj]
C:\Users\verpa\Desktop\mysql_test\Mysql_test\mysql-connector-c-6.1.10-src\cmake\CMakeFiles\CMakeTmp\Debug\cmTC_01899.exe : fatal error LNK1120: 1 unresolved externals [C:\Users\verpa\Desktop\mysql_test\Mysql_test\mysql-connector-c-6.1.10-src\cmake\CMakeFiles\CMakeTmp\cmTC_01899.vcxproj]
已完成生成项目“C:\Users\verpa\Desktop\mysql_test\Mysql_test\mysql-connector-c-6.1.10-src\cmake\CMakeFiles\CMakeTmp\cmTC_01899.vcxproj”(默认目标)的操作 - 失败。

生成失败。

“C:\Users\verpa\Desktop\mysql_test\Mysql_test\mysql-connector-c-6.1.10-src\cmake\CMakeFiles\CMakeTmp\cmTC_01899.vcxproj”(默认目标) (1) ->
(Link 目标) -> 
  CheckFunctionExists.obj : error LNK2019: unresolved external symbol _chown referenced in function _main [C:\Users\verpa\Desktop\mysql_test\Mysql_test\mysql-connector-c-6.1.10-src\cmake\CMakeFiles\CMakeTmp\cmTC_01899.vcxproj]
  C:\Users\verpa\Desktop\mysql_test\Mysql_test\mysql-connector-c-6.1.10-src\cmake\CMakeFiles\CMakeTmp\Debug\cmTC_01899.exe : fatal error LNK1120: 1 unresolved externals [C:\Users\verpa\Desktop\mysql_test\Mysql_test\mysql-connector-c-6.1.10-src\cmake\CMakeFiles\CMakeTmp\cmTC_01899.vcxproj]

    0 个警告
    2 个错误

已用时间 00:00:01.51


Determining if files numaif.h exist failed with the following output:
Change Dir: C:/Users/verpa/Desktop/mysql_test/Mysql_test/mysql-connector-c-6.1.10-src/cmake/CMakeFiles/CMakeTmp

Run Build Command:"C:/Program Files (x86)/MSBuild/14.0/bin/MSBuild.exe" "cmTC_891d1.vcxproj" "/p:Configuration=Debug" "/p:VisualStudioVersion=14.0"
Microsoft (R) 生成引擎版本 14.0.25420.1
版权所有(C) Microsoft Corporation。保留所有权利。

生成启动时间为 2017/5/17 16:26:32。
节点 1 上的项目“C:\Users\verpa\Desktop\mysql_test\Mysql_test\mysql-connector-c-6.1.10-src\cmake\CMakeFiles\CMakeTmp\cmTC_891d1.vcxproj”(默认目标)。
PrepareForBuild:
  正在创建目录“cmTC_891d1.dir\Debug\”。
  正在创建目录“C:\Users\verpa\Desktop\mysql_test\Mysql_test\mysql-connector-c-6.1.10-src\cmake\CMakeFiles\CMakeTmp\Debug\”。
  正在创建目录“cmTC_891d1.dir\Debug\cmTC_891d1.tlog\”。
InitializeBuildStatus:
  正在创建“cmTC_891d1.dir\Debug\cmTC_891d1.tlog\unsuccessfulbuild”，因为已指定“AlwaysCreate”。
ClCompile:
  C:\Program Files (x86)\Microsoft Visual Studio 14.0\VC\bin\CL.exe /c /Zi /W3 /WX- /MP /Od /Ob0 /Oy- /D WIN32 /D _WINDOWS /D _WIN32_WINNT=0x0601 /D _DEBUG /D _LARGEFILE_SOURCE /D _LARGE_FILES /D _FILE_OFFSET_BITS=64 /D __STDC_LIMIT_MACROS /D __STDC_CONSTANT_MACROS /D __STDC_FORMAT_MACROS /D "CMAKE_INTDIR=\"Debug\"" /D _MBCS /Gm- /RTC1 /MDd /GS /fp:precise /Zc:wchar_t /Zc:forScope /Zc:inline /Fo"cmTC_891d1.dir\Debug\\" /Fd"cmTC_891d1.dir\Debug\vc140.pdb" /Gd /TC /wd4800 /wd4805 /wd4996 /analyze- /errorReport:queue "C:\Users\verpa\Desktop\mysql_test\Mysql_test\mysql-connector-c-6.1.10-src\cmake\CMakeFiles\CMakeTmp\CheckIncludeFiles.c"
  Microsoft (R) C/C++ Optimizing Compiler Version 19.00.24215.1 for x86
  Copyright (C) Microsoft Corporation.  All rights reserved.
  
  cl /c /Zi /W3 /WX- /MP /Od /Ob0 /Oy- /D WIN32 /D _WINDOWS /D _WIN32_WINNT=0x0601 /D _DEBUG /D _LARGEFILE_SOURCE /D _LARGE_FILES /D _FILE_OFFSET_BITS=64 /D __STDC_LIMIT_MACROS /D __STDC_CONSTANT_MACROS /D __STDC_FORMAT_MACROS /D "CMAKE_INTDIR=\"Debug\"" /D _MBCS /Gm- /RTC1 /MDd /GS /fp:precise /Zc:wchar_t /Zc:forScope /Zc:inline /Fo"cmTC_891d1.dir\Debug\\" /Fd"cmTC_891d1.dir\Debug\vc140.pdb" /Gd /TC /wd4800 /wd4805 /wd4996 /analyze- /errorReport:queue "C:\Users\verpa\Desktop\mysql_test\Mysql_test\mysql-connector-c-6.1.10-src\cmake\CMakeFiles\CMakeTmp\CheckIncludeFiles.c"
  
  CheckIncludeFiles.c
C:\Users\verpa\Desktop\mysql_test\Mysql_test\mysql-connector-c-6.1.10-src\cmake\CMakeFiles\CMakeTmp\CheckIncludeFiles.c(2): fatal error C1083: Cannot open include file: 'numaif.h': No such file or directory [C:\Users\verpa\Desktop\mysql_test\Mysql_test\mysql-connector-c-6.1.10-src\cmake\CMakeFiles\CMakeTmp\cmTC_891d1.vcxproj]
已完成生成项目“C:\Users\verpa\Desktop\mysql_test\Mysql_test\mysql-connector-c-6.1.10-src\cmake\CMakeFiles\CMakeTmp\cmTC_891d1.vcxproj”(默认目标)的操作 - 失败。

生成失败。

“C:\Users\verpa\Desktop\mysql_test\Mysql_test\mysql-connector-c-6.1.10-src\cmake\CMakeFiles\CMakeTmp\cmTC_891d1.vcxproj”(默认目标) (1) ->
(ClCompile 目标) -> 
  C:\Users\verpa\Desktop\mysql_test\Mysql_test\mysql-connector-c-6.1.10-src\cmake\CMakeFiles\CMakeTmp\CheckIncludeFiles.c(2): fatal error C1083: Cannot open include file: 'numaif.h': No such file or directory [C:\Users\verpa\Desktop\mysql_test\Mysql_test\mysql-connector-c-6.1.10-src\cmake\CMakeFiles\CMakeTmp\cmTC_891d1.vcxproj]

    0 个警告
    1 个错误

已用时间 00:00:01.30

Source:
/* */
#include <numaif.h>


int main(void){return 0;}

Determining size of socklen_t failed with the following output:
Change Dir: C:/Users/verpa/Desktop/mysql_test/Mysql_test/mysql-connector-c-6.1.10-src/cmake/CMakeFiles/CMakeTmp

Run Build Command:"C:/Program Files (x86)/MSBuild/14.0/bin/MSBuild.exe" "cmTC_3e3f0.vcxproj" "/p:Configuration=Debug" "/p:VisualStudioVersion=14.0"
Microsoft (R) 生成引擎版本 14.0.25420.1
版权所有(C) Microsoft Corporation。保留所有权利。

生成启动时间为 2017/5/17 16:26:34。
节点 1 上的项目“C:\Users\verpa\Desktop\mysql_test\Mysql_test\mysql-connector-c-6.1.10-src\cmake\CMakeFiles\CMakeTmp\cmTC_3e3f0.vcxproj”(默认目标)。
PrepareForBuild:
  正在创建目录“cmTC_3e3f0.dir\Debug\”。
  正在创建目录“C:\Users\verpa\Desktop\mysql_test\Mysql_test\mysql-connector-c-6.1.10-src\cmake\CMakeFiles\CMakeTmp\Debug\”。
  正在创建目录“cmTC_3e3f0.dir\Debug\cmTC_3e3f0.tlog\”。
InitializeBuildStatus:
  正在创建“cmTC_3e3f0.dir\Debug\cmTC_3e3f0.tlog\unsuccessfulbuild”，因为已指定“AlwaysCreate”。
ClCompile:
  C:\Program Files (x86)\Microsoft Visual Studio 14.0\VC\bin\CL.exe /c /Zi /W3 /WX- /MP /Od /Ob0 /Oy- /D WIN32 /D _WINDOWS /D _WIN32_WINNT=0x0601 /D _DEBUG /D _LARGEFILE_SOURCE /D _LARGE_FILES /D _FILE_OFFSET_BITS=64 /D __STDC_LIMIT_MACROS /D __STDC_CONSTANT_MACROS /D __STDC_FORMAT_MACROS /D "CMAKE_INTDIR=\"Debug\"" /D _MBCS /Gm- /RTC1 /MDd /GS /fp:precise /Zc:wchar_t /Zc:forScope /Zc:inline /Fo"cmTC_3e3f0.dir\Debug\\" /Fd"cmTC_3e3f0.dir\Debug\vc140.pdb" /Gd /TC /wd4800 /wd4805 /wd4996 /analyze- /errorReport:queue "C:\Users\verpa\Desktop\mysql_test\Mysql_test\mysql-connector-c-6.1.10-src\cmake\CMakeFiles\CheckTypeSize\SIZEOF_SOCKLEN_T.c"
  Microsoft (R) C/C++ Optimizing Compiler Version 19.00.24215.1 for x86
  Copyright (C) Microsoft Corporation.  All rights reserved.
  
  cl /c /Zi /W3 /WX- /MP /Od /Ob0 /Oy- /D WIN32 /D _WINDOWS /D _WIN32_WINNT=0x0601 /D _DEBUG /D _LARGEFILE_SOURCE /D _LARGE_FILES /D _FILE_OFFSET_BITS=64 /D __STDC_LIMIT_MACROS /D __STDC_CONSTANT_MACROS /D __STDC_FORMAT_MACROS /D "CMAKE_INTDIR=\"Debug\"" /D _MBCS /Gm- /RTC1 /MDd /GS /fp:precise /Zc:wchar_t /Zc:forScope /Zc:inline /Fo"cmTC_3e3f0.dir\Debug\\" /Fd"cmTC_3e3f0.dir\Debug\vc140.pdb" /Gd /TC /wd4800 /wd4805 /wd4996 /analyze- /errorReport:queue "C:\Users\verpa\Desktop\mysql_test\Mysql_test\mysql-connector-c-6.1.10-src\cmake\CMakeFiles\CheckTypeSize\SIZEOF_SOCKLEN_T.c"
  
  SIZEOF_SOCKLEN_T.c
C:\Users\verpa\Desktop\mysql_test\Mysql_test\mysql-connector-c-6.1.10-src\cmake\CMakeFiles\CheckTypeSize\SIZEOF_SOCKLEN_T.c(19): error C2065: 'socklen_t': undeclared identifier [C:\Users\verpa\Desktop\mysql_test\Mysql_test\mysql-connector-c-6.1.10-src\cmake\CMakeFiles\CMakeTmp\cmTC_3e3f0.vcxproj]
C:\Users\verpa\Desktop\mysql_test\Mysql_test\mysql-connector-c-6.1.10-src\cmake\CMakeFiles\CheckTypeSize\SIZEOF_SOCKLEN_T.c(20): error C2065: 'socklen_t': undeclared identifier [C:\Users\verpa\Desktop\mysql_test\Mysql_test\mysql-connector-c-6.1.10-src\cmake\CMakeFiles\CMakeTmp\cmTC_3e3f0.vcxproj]
C:\Users\verpa\Desktop\mysql_test\Mysql_test\mysql-connector-c-6.1.10-src\cmake\CMakeFiles\CheckTypeSize\SIZEOF_SOCKLEN_T.c(21): error C2065: 'socklen_t': undeclared identifier [C:\Users\verpa\Desktop\mysql_test\Mysql_test\mysql-connector-c-6.1.10-src\cmake\CMakeFiles\CMakeTmp\cmTC_3e3f0.vcxproj]
C:\Users\verpa\Desktop\mysql_test\Mysql_test\mysql-connector-c-6.1.10-src\cmake\CMakeFiles\CheckTypeSize\SIZEOF_SOCKLEN_T.c(22): error C2065: 'socklen_t': undeclared identifier [C:\Users\verpa\Desktop\mysql_test\Mysql_test\mysql-connector-c-6.1.10-src\cmake\CMakeFiles\CMakeTmp\cmTC_3e3f0.vcxproj]
C:\Users\verpa\Desktop\mysql_test\Mysql_test\mysql-connector-c-6.1.10-src\cmake\CMakeFiles\CheckTypeSize\SIZEOF_SOCKLEN_T.c(23): error C2065: 'socklen_t': undeclared identifier [C:\Users\verpa\Desktop\mysql_test\Mysql_test\mysql-connector-c-6.1.10-src\cmake\CMakeFiles\CMakeTmp\cmTC_3e3f0.vcxproj]
已完成生成项目“C:\Users\verpa\Desktop\mysql_test\Mysql_test\mysql-connector-c-6.1.10-src\cmake\CMakeFiles\CMakeTmp\cmTC_3e3f0.vcxproj”(默认目标)的操作 - 失败。

生成失败。

“C:\Users\verpa\Desktop\mysql_test\Mysql_test\mysql-connector-c-6.1.10-src\cmake\CMakeFiles\CMakeTmp\cmTC_3e3f0.vcxproj”(默认目标) (1) ->
(ClCompile 目标) -> 
  C:\Users\verpa\Desktop\mysql_test\Mysql_test\mysql-connector-c-6.1.10-src\cmake\CMakeFiles\CheckTypeSize\SIZEOF_SOCKLEN_T.c(19): error C2065: 'socklen_t': undeclared identifier [C:\Users\verpa\Desktop\mysql_test\Mysql_test\mysql-connector-c-6.1.10-src\cmake\CMakeFiles\CMakeTmp\cmTC_3e3f0.vcxproj]
  C:\Users\verpa\Desktop\mysql_test\Mysql_test\mysql-connector-c-6.1.10-src\cmake\CMakeFiles\CheckTypeSize\SIZEOF_SOCKLEN_T.c(20): error C2065: 'socklen_t': undeclared identifier [C:\Users\verpa\Desktop\mysql_test\Mysql_test\mysql-connector-c-6.1.10-src\cmake\CMakeFiles\CMakeTmp\cmTC_3e3f0.vcxproj]
  C:\Users\verpa\Desktop\mysql_test\Mysql_test\mysql-connector-c-6.1.10-src\cmake\CMakeFiles\CheckTypeSize\SIZEOF_SOCKLEN_T.c(21): error C2065: 'socklen_t': undeclared identifier [C:\Users\verpa\Desktop\mysql_test\Mysql_test\mysql-connector-c-6.1.10-src\cmake\CMakeFiles\CMakeTmp\cmTC_3e3f0.vcxproj]
  C:\Users\verpa\Desktop\mysql_test\Mysql_test\mysql-connector-c-6.1.10-src\cmake\CMakeFiles\CheckTypeSize\SIZEOF_SOCKLEN_T.c(22): error C2065: 'socklen_t': undeclared identifier [C:\Users\verpa\Desktop\mysql_test\Mysql_test\mysql-connector-c-6.1.10-src\cmake\CMakeFiles\CMakeTmp\cmTC_3e3f0.vcxproj]
  C:\Users\verpa\Desktop\mysql_test\Mysql_test\mysql-connector-c-6.1.10-src\cmake\CMakeFiles\CheckTypeSize\SIZEOF_SOCKLEN_T.c(23): error C2065: 'socklen_t': undeclared identifier [C:\Users\verpa\Desktop\mysql_test\Mysql_test\mysql-connector-c-6.1.10-src\cmake\CMakeFiles\CMakeTmp\cmTC_3e3f0.vcxproj]

    0 个警告
    5 个错误

已用时间 00:00:01.27

C:/Users/verpa/Desktop/mysql_test/Mysql_test/mysql-connector-c-6.1.10-src/cmake/CMakeFiles/CheckTypeSize/SIZEOF_SOCKLEN_T.c:
#include <sys/types.h>
#include <stdint.h>
#include <stddef.h>


#undef KEY
#if defined(__i386)
# define KEY '_','_','i','3','8','6'
#elif defined(__x86_64)
# define KEY '_','_','x','8','6','_','6','4'
#elif defined(__ppc__)
# define KEY '_','_','p','p','c','_','_'
#elif defined(__ppc64__)
# define KEY '_','_','p','p','c','6','4','_','_'
#endif

#define SIZE (sizeof(socklen_t))
char info_size[] =  {'I', 'N', 'F', 'O', ':', 's','i','z','e','[',
  ('0' + ((SIZE / 10000)%10)),
  ('0' + ((SIZE / 1000)%10)),
  ('0' + ((SIZE / 100)%10)),
  ('0' + ((SIZE / 10)%10)),
  ('0' +  (SIZE    % 10)),
  ']',
#ifdef KEY
  ' ','k','e','y','[', KEY, ']',
#endif
  '\0'};

#ifdef __CLASSIC_C__
int main(argc, argv) int argc; char *argv[];
#else
int main(int argc, char *argv[])
#endif
{
  int require = 0;
  require += info_size[argc];
  (void)argv;
  return require;
}


Performing C++ SOURCE FILE Test HAVE_NO_UNUSED_CONST_VAR failed with the following output:
Change Dir: C:/Users/verpa/Desktop/mysql_test/Mysql_test/mysql-connector-c-6.1.10-src/cmake/CMakeFiles/CMakeTmp

Run Build Command:"C:/Program Files (x86)/MSBuild/14.0/bin/MSBuild.exe" "cmTC_59875.vcxproj" "/p:Configuration=Debug" "/p:VisualStudioVersion=14.0"
Microsoft (R) 生成引擎版本 14.0.25420.1
版权所有(C) Microsoft Corporation。保留所有权利。

生成启动时间为 2017/5/17 16:26:36。
节点 1 上的项目“C:\Users\verpa\Desktop\mysql_test\Mysql_test\mysql-connector-c-6.1.10-src\cmake\CMakeFiles\CMakeTmp\cmTC_59875.vcxproj”(默认目标)。
PrepareForBuild:
  正在创建目录“cmTC_59875.dir\Debug\”。
  正在创建目录“C:\Users\verpa\Desktop\mysql_test\Mysql_test\mysql-connector-c-6.1.10-src\cmake\CMakeFiles\CMakeTmp\Debug\”。
  正在创建目录“cmTC_59875.dir\Debug\cmTC_59875.tlog\”。
InitializeBuildStatus:
  正在创建“cmTC_59875.dir\Debug\cmTC_59875.tlog\unsuccessfulbuild”，因为已指定“AlwaysCreate”。
ClCompile:
  C:\Program Files (x86)\Microsoft Visual Studio 14.0\VC\bin\CL.exe /c /Zi /W3 /WX- /MP /Od /Ob0 /Oy- /D WIN32 /D _WINDOWS /D HAVE_NO_UNUSED_CONST_VAR /D _WIN32_WINNT=0x0601 /D _DEBUG /D _LARGEFILE_SOURCE /D _LARGE_FILES /D _FILE_OFFSET_BITS=64 /D __STDC_LIMIT_MACROS /D __STDC_CONSTANT_MACROS /D __STDC_FORMAT_MACROS /D "CMAKE_INTDIR=\"Debug\"" /D _MBCS /Gm- /EHsc /RTC1 /MDd /GS /fp:precise /Zc:wchar_t /Zc:forScope /Zc:inline /GR /Fo"cmTC_59875.dir\Debug\\" /Fd"cmTC_59875.dir\Debug\vc140.pdb" /Gd /TP /wd4800 /wd4805 /wd4996 /analyze- /errorReport:queue /we4099  -Wno-unused-const-variable "C:\Users\verpa\Desktop\mysql_test\Mysql_test\mysql-connector-c-6.1.10-src\cmake\CMakeFiles\CMakeTmp\src.cxx"
  Microsoft (R) C/C++ Optimizing Compiler Version 19.00.24215.1 for x86
  Copyright (C) Microsoft Corporation.  All rights reserved.
  
  cl /c /Zi /W3 /WX- /MP /Od /Ob0 /Oy- /D WIN32 /D _WINDOWS /D HAVE_NO_UNUSED_CONST_VAR /D _WIN32_WINNT=0x0601 /D _DEBUG /D _LARGEFILE_SOURCE /D _LARGE_FILES /D _FILE_OFFSET_BITS=64 /D __STDC_LIMIT_MACROS /D __STDC_CONSTANT_MACROS /D __STDC_FORMAT_MACROS /D "CMAKE_INTDIR=\"Debug\"" /D _MBCS /Gm- /EHsc /RTC1 /MDd /GS /fp:precise /Zc:wchar_t /Zc:forScope /Zc:inline /GR /Fo"cmTC_59875.dir\Debug\\" /Fd"cmTC_59875.dir\Debug\vc140.pdb" /Gd /TP /wd4800 /wd4805 /wd4996 /analyze- /errorReport:queue /we4099  -Wno-unused-const-variable "C:\Users\verpa\Desktop\mysql_test\Mysql_test\mysql-connector-c-6.1.10-src\cmake\CMakeFiles\CMakeTmp\src.cxx"
cl : Command line error D8021: invalid numeric argument '/Wno-unused-const-variable' [C:\Users\verpa\Desktop\mysql_test\Mysql_test\mysql-connector-c-6.1.10-src\cmake\CMakeFiles\CMakeTmp\cmTC_59875.vcxproj]
已完成生成项目“C:\Users\verpa\Desktop\mysql_test\Mysql_test\mysql-connector-c-6.1.10-src\cmake\CMakeFiles\CMakeTmp\cmTC_59875.vcxproj”(默认目标)的操作 - 失败。

生成失败。

“C:\Users\verpa\Desktop\mysql_test\Mysql_test\mysql-connector-c-6.1.10-src\cmake\CMakeFiles\CMakeTmp\cmTC_59875.vcxproj”(默认目标) (1) ->
(ClCompile 目标) -> 
  cl : Command line error D8021: invalid numeric argument '/Wno-unused-const-variable' [C:\Users\verpa\Desktop\mysql_test\Mysql_test\mysql-connector-c-6.1.10-src\cmake\CMakeFiles\CMakeTmp\cmTC_59875.vcxproj]

    0 个警告
    1 个错误

已用时间 00:00:01.78

Source file was:
int main(void) { return 0; }
Performing C SOURCE FILE Test HAVE_WVLA failed with the following output:
Change Dir: C:/Users/verpa/Desktop/mysql_test/Mysql_test/mysql-connector-c-6.1.10-src/cmake/CMakeFiles/CMakeTmp

Run Build Command:"C:/Program Files (x86)/MSBuild/14.0/bin/MSBuild.exe" "cmTC_2b6d3.vcxproj" "/p:Configuration=Debug" "/p:VisualStudioVersion=14.0"
Microsoft (R) 生成引擎版本 14.0.25420.1
版权所有(C) Microsoft Corporation。保留所有权利。

生成启动时间为 2017/5/17 16:26:38。
节点 1 上的项目“C:\Users\verpa\Desktop\mysql_test\Mysql_test\mysql-connector-c-6.1.10-src\cmake\CMakeFiles\CMakeTmp\cmTC_2b6d3.vcxproj”(默认目标)。
PrepareForBuild:
  正在创建目录“cmTC_2b6d3.dir\Debug\”。
  正在创建目录“C:\Users\verpa\Desktop\mysql_test\Mysql_test\mysql-connector-c-6.1.10-src\cmake\CMakeFiles\CMakeTmp\Debug\”。
  正在创建目录“cmTC_2b6d3.dir\Debug\cmTC_2b6d3.tlog\”。
InitializeBuildStatus:
  正在创建“cmTC_2b6d3.dir\Debug\cmTC_2b6d3.tlog\unsuccessfulbuild”，因为已指定“AlwaysCreate”。
ClCompile:
  C:\Program Files (x86)\Microsoft Visual Studio 14.0\VC\bin\CL.exe /c /Zi /W3 /WX- /MP /Od /Ob0 /Oy- /D WIN32 /D _WINDOWS /D HAVE_WVLA /D _WIN32_WINNT=0x0601 /D _DEBUG /D _LARGEFILE_SOURCE /D _LARGE_FILES /D _FILE_OFFSET_BITS=64 /D __STDC_LIMIT_MACROS /D __STDC_CONSTANT_MACROS /D __STDC_FORMAT_MACROS /D "CMAKE_INTDIR=\"Debug\"" /D _MBCS /Gm- /RTC1 /MDd /GS /fp:precise /Zc:wchar_t /Zc:forScope /Zc:inline /Fo"cmTC_2b6d3.dir\Debug\\" /Fd"cmTC_2b6d3.dir\Debug\vc140.pdb" /Gd /TC /wd4800 /wd4805 /wd4996 /analyze- /errorReport:queue  -Wvla "C:\Users\verpa\Desktop\mysql_test\Mysql_test\mysql-connector-c-6.1.10-src\cmake\CMakeFiles\CMakeTmp\src.c"
  Microsoft (R) C/C++ Optimizing Compiler Version 19.00.24215.1 for x86
  Copyright (C) Microsoft Corporation.  All rights reserved.
  
  cl /c /Zi /W3 /WX- /MP /Od /Ob0 /Oy- /D WIN32 /D _WINDOWS /D HAVE_WVLA /D _WIN32_WINNT=0x0601 /D _DEBUG /D _LARGEFILE_SOURCE /D _LARGE_FILES /D _FILE_OFFSET_BITS=64 /D __STDC_LIMIT_MACROS /D __STDC_CONSTANT_MACROS /D __STDC_FORMAT_MACROS /D "CMAKE_INTDIR=\"Debug\"" /D _MBCS /Gm- /RTC1 /MDd /GS /fp:precise /Zc:wchar_t /Zc:forScope /Zc:inline /Fo"cmTC_2b6d3.dir\Debug\\" /Fd"cmTC_2b6d3.dir\Debug\vc140.pdb" /Gd /TC /wd4800 /wd4805 /wd4996 /analyze- /errorReport:queue  -Wvla "C:\Users\verpa\Desktop\mysql_test\Mysql_test\mysql-connector-c-6.1.10-src\cmake\CMakeFiles\CMakeTmp\src.c"
cl : Command line error D8021: invalid numeric argument '/Wvla' [C:\Users\verpa\Desktop\mysql_test\Mysql_test\mysql-connector-c-6.1.10-src\cmake\CMakeFiles\CMakeTmp\cmTC_2b6d3.vcxproj]
已完成生成项目“C:\Users\verpa\Desktop\mysql_test\Mysql_test\mysql-connector-c-6.1.10-src\cmake\CMakeFiles\CMakeTmp\cmTC_2b6d3.vcxproj”(默认目标)的操作 - 失败。

生成失败。

“C:\Users\verpa\Desktop\mysql_test\Mysql_test\mysql-connector-c-6.1.10-src\cmake\CMakeFiles\CMakeTmp\cmTC_2b6d3.vcxproj”(默认目标) (1) ->
(ClCompile 目标) -> 
  cl : Command line error D8021: invalid numeric argument '/Wvla' [C:\Users\verpa\Desktop\mysql_test\Mysql_test\mysql-connector-c-6.1.10-src\cmake\CMakeFiles\CMakeTmp\cmTC_2b6d3.vcxproj]

    0 个警告
    1 个错误

已用时间 00:00:00.88

Source file was:
int main(void) { return 0; }
Performing C++ SOURCE FILE Test HAVE_NO_DEPREC_CONST failed with the following output:
Change Dir: C:/Users/verpa/Desktop/mysql_test/Mysql_test/mysql-connector-c-6.1.10-src/cmake/CMakeFiles/CMakeTmp

Run Build Command:"C:/Program Files (x86)/MSBuild/14.0/bin/MSBuild.exe" "cmTC_a2d84.vcxproj" "/p:Configuration=Debug" "/p:VisualStudioVersion=14.0"
Microsoft (R) 生成引擎版本 14.0.25420.1
版权所有(C) Microsoft Corporation。保留所有权利。

生成启动时间为 2017/5/17 16:26:41。
节点 1 上的项目“C:\Users\verpa\Desktop\mysql_test\Mysql_test\mysql-connector-c-6.1.10-src\cmake\CMakeFiles\CMakeTmp\cmTC_a2d84.vcxproj”(默认目标)。
PrepareForBuild:
  正在创建目录“cmTC_a2d84.dir\Debug\”。
  正在创建目录“C:\Users\verpa\Desktop\mysql_test\Mysql_test\mysql-connector-c-6.1.10-src\cmake\CMakeFiles\CMakeTmp\Debug\”。
  正在创建目录“cmTC_a2d84.dir\Debug\cmTC_a2d84.tlog\”。
InitializeBuildStatus:
  正在创建“cmTC_a2d84.dir\Debug\cmTC_a2d84.tlog\unsuccessfulbuild”，因为已指定“AlwaysCreate”。
ClCompile:
  C:\Program Files (x86)\Microsoft Visual Studio 14.0\VC\bin\CL.exe /c /Zi /W3 /WX- /MP /Od /Ob0 /Oy- /D WIN32 /D _WINDOWS /D HAVE_NO_DEPREC_CONST /D _WIN32_WINNT=0x0601 /D _DEBUG /D _LARGEFILE_SOURCE /D _LARGE_FILES /D _FILE_OFFSET_BITS=64 /D __STDC_LIMIT_MACROS /D __STDC_CONSTANT_MACROS /D __STDC_FORMAT_MACROS /D "CMAKE_INTDIR=\"Debug\"" /D _MBCS /Gm- /EHsc /RTC1 /MDd /GS /fp:precise /Zc:wchar_t /Zc:forScope /Zc:inline /GR /Fo"cmTC_a2d84.dir\Debug\\" /Fd"cmTC_a2d84.dir\Debug\vc140.pdb" /Gd /TP /wd4800 /wd4805 /wd4996 /analyze- /errorReport:queue /we4099  -Wno-deprecated-declarations "C:\Users\verpa\Desktop\mysql_test\Mysql_test\mysql-connector-c-6.1.10-src\cmake\CMakeFiles\CMakeTmp\src.cxx"
  Microsoft (R) C/C++ Optimizing Compiler Version 19.00.24215.1 for x86
  Copyright (C) Microsoft Corporation.  All rights reserved.
  
  cl /c /Zi /W3 /WX- /MP /Od /Ob0 /Oy- /D WIN32 /D _WINDOWS /D HAVE_NO_DEPREC_CONST /D _WIN32_WINNT=0x0601 /D _DEBUG /D _LARGEFILE_SOURCE /D _LARGE_FILES /D _FILE_OFFSET_BITS=64 /D __STDC_LIMIT_MACROS /D __STDC_CONSTANT_MACROS /D __STDC_FORMAT_MACROS /D "CMAKE_INTDIR=\"Debug\"" /D _MBCS /Gm- /EHsc /RTC1 /MDd /GS /fp:precise /Zc:wchar_t /Zc:forScope /Zc:inline /GR /Fo"cmTC_a2d84.dir\Debug\\" /Fd"cmTC_a2d84.dir\Debug\vc140.pdb" /Gd /TP /wd4800 /wd4805 /wd4996 /analyze- /errorReport:queue /we4099  -Wno-deprecated-declarations "C:\Users\verpa\Desktop\mysql_test\Mysql_test\mysql-connector-c-6.1.10-src\cmake\CMakeFiles\CMakeTmp\src.cxx"
cl : Command line error D8021: invalid numeric argument '/Wno-deprecated-declarations' [C:\Users\verpa\Desktop\mysql_test\Mysql_test\mysql-connector-c-6.1.10-src\cmake\CMakeFiles\CMakeTmp\cmTC_a2d84.vcxproj]
已完成生成项目“C:\Users\verpa\Desktop\mysql_test\Mysql_test\mysql-connector-c-6.1.10-src\cmake\CMakeFiles\CMakeTmp\cmTC_a2d84.vcxproj”(默认目标)的操作 - 失败。

生成失败。

“C:\Users\verpa\Desktop\mysql_test\Mysql_test\mysql-connector-c-6.1.10-src\cmake\CMakeFiles\CMakeTmp\cmTC_a2d84.vcxproj”(默认目标) (1) ->
(ClCompile 目标) -> 
  cl : Command line error D8021: invalid numeric argument '/Wno-deprecated-declarations' [C:\Users\verpa\Desktop\mysql_test\Mysql_test\mysql-connector-c-6.1.10-src\cmake\CMakeFiles\CMakeTmp\cmTC_a2d84.vcxproj]

    0 个警告
    1 个错误

已用时间 00:00:01.82

Source file was:
int main(void) { return 0; }
Determining if the function __infinity exists failed with the following output:
Change Dir: /Users/verpas/Desktop/mysql_test/Mysql_test/mysql-connector-c-6.1.10-src/cmake/CMakeFiles/CMakeTmp

Run Build Command:"/usr/bin/make" "cmTC_90385/fast"
/Applications/Xcode.app/Contents/Developer/usr/bin/make -f CMakeFiles/cmTC_90385.dir/build.make CMakeFiles/cmTC_90385.dir/build
Building C object CMakeFiles/cmTC_90385.dir/CheckFunctionExists.c.o
/Applications/Xcode.app/Contents/Developer/Toolchains/XcodeDefault.xctoolchain/usr/bin/cc   -DCHECK_FUNCTION_EXISTS=__infinity -isysroot /Applications/Xcode.app/Contents/Developer/Platforms/MacOSX.platform/Developer/SDKs/MacOSX10.12.sdk   -o CMakeFiles/cmTC_90385.dir/CheckFunctionExists.c.o   -c /Users/verpas/Desktop/cmake-3.8.1/Modules/CheckFunctionExists.c
Linking C executable cmTC_90385
/Users/verpas/Desktop/cmake-3.8.1/bin/cmake -E cmake_link_script CMakeFiles/cmTC_90385.dir/link.txt --verbose=1
/Applications/Xcode.app/Contents/Developer/Toolchains/XcodeDefault.xctoolchain/usr/bin/cc  -DCHECK_FUNCTION_EXISTS=__infinity -isysroot /Applications/Xcode.app/Contents/Developer/Platforms/MacOSX.platform/Developer/SDKs/MacOSX10.12.sdk -Wl,-search_paths_first -Wl,-headerpad_max_install_names   CMakeFiles/cmTC_90385.dir/CheckFunctionExists.c.o  -o cmTC_90385 
Undefined symbols for architecture x86_64:
  "___infinity", referenced from:
      _main in CheckFunctionExists.c.o
ld: symbol(s) not found for architecture x86_64
clang: error: linker command failed with exit code 1 (use -v to see invocation)
make[1]: *** [cmTC_90385] Error 1
make: *** [cmTC_90385/fast] Error 2


Determining if the function __infinity exists in the m failed with the following output:
Change Dir: /Users/verpas/Desktop/mysql_test/Mysql_test/mysql-connector-c-6.1.10-src/cmake/CMakeFiles/CMakeTmp

Run Build Command:"/usr/bin/make" "cmTC_6657e/fast"
/Applications/Xcode.app/Contents/Developer/usr/bin/make -f CMakeFiles/cmTC_6657e.dir/build.make CMakeFiles/cmTC_6657e.dir/build
Building C object CMakeFiles/cmTC_6657e.dir/CheckFunctionExists.c.o
/Applications/Xcode.app/Contents/Developer/Toolchains/XcodeDefault.xctoolchain/usr/bin/cc   -DCHECK_FUNCTION_EXISTS=__infinity -isysroot /Applications/Xcode.app/Contents/Developer/Platforms/MacOSX.platform/Developer/SDKs/MacOSX10.12.sdk   -o CMakeFiles/cmTC_6657e.dir/CheckFunctionExists.c.o   -c /Users/verpas/Desktop/cmake-3.8.1/Modules/CheckFunctionExists.c
Linking C executable cmTC_6657e
/Users/verpas/Desktop/cmake-3.8.1/bin/cmake -E cmake_link_script CMakeFiles/cmTC_6657e.dir/link.txt --verbose=1
/Applications/Xcode.app/Contents/Developer/Toolchains/XcodeDefault.xctoolchain/usr/bin/cc  -DCHECK_FUNCTION_EXISTS=__infinity -isysroot /Applications/Xcode.app/Contents/Developer/Platforms/MacOSX.platform/Developer/SDKs/MacOSX10.12.sdk -Wl,-search_paths_first -Wl,-headerpad_max_install_names   CMakeFiles/cmTC_6657e.dir/CheckFunctionExists.c.o  -o cmTC_6657e -lm 
Undefined symbols for architecture x86_64:
  "___infinity", referenced from:
      _main in CheckFunctionExists.c.o
ld: symbol(s) not found for architecture x86_64
clang: error: linker command failed with exit code 1 (use -v to see invocation)
make[1]: *** [cmTC_6657e] Error 1
make: *** [cmTC_6657e/fast] Error 2


Determining if the function gethostbyname_r exists failed with the following output:
Change Dir: /Users/verpas/Desktop/mysql_test/Mysql_test/mysql-connector-c-6.1.10-src/cmake/CMakeFiles/CMakeTmp

Run Build Command:"/usr/bin/make" "cmTC_fb903/fast"
/Applications/Xcode.app/Contents/Developer/usr/bin/make -f CMakeFiles/cmTC_fb903.dir/build.make CMakeFiles/cmTC_fb903.dir/build
Building C object CMakeFiles/cmTC_fb903.dir/CheckFunctionExists.c.o
/Applications/Xcode.app/Contents/Developer/Toolchains/XcodeDefault.xctoolchain/usr/bin/cc   -DCHECK_FUNCTION_EXISTS=gethostbyname_r -isysroot /Applications/Xcode.app/Contents/Developer/Platforms/MacOSX.platform/Developer/SDKs/MacOSX10.12.sdk   -o CMakeFiles/cmTC_fb903.dir/CheckFunctionExists.c.o   -c /Users/verpas/Desktop/cmake-3.8.1/Modules/CheckFunctionExists.c
Linking C executable cmTC_fb903
/Users/verpas/Desktop/cmake-3.8.1/bin/cmake -E cmake_link_script CMakeFiles/cmTC_fb903.dir/link.txt --verbose=1
/Applications/Xcode.app/Contents/Developer/Toolchains/XcodeDefault.xctoolchain/usr/bin/cc  -DCHECK_FUNCTION_EXISTS=gethostbyname_r -isysroot /Applications/Xcode.app/Contents/Developer/Platforms/MacOSX.platform/Developer/SDKs/MacOSX10.12.sdk -Wl,-search_paths_first -Wl,-headerpad_max_install_names   CMakeFiles/cmTC_fb903.dir/CheckFunctionExists.c.o  -o cmTC_fb903 
Undefined symbols for architecture x86_64:
  "_gethostbyname_r", referenced from:
      _main in CheckFunctionExists.c.o
ld: symbol(s) not found for architecture x86_64
clang: error: linker command failed with exit code 1 (use -v to see invocation)
make[1]: *** [cmTC_fb903] Error 1
make: *** [cmTC_fb903/fast] Error 2


Determining if the function gethostbyname_r exists in the nsl_r failed with the following output:
Change Dir: /Users/verpas/Desktop/mysql_test/Mysql_test/mysql-connector-c-6.1.10-src/cmake/CMakeFiles/CMakeTmp

Run Build Command:"/usr/bin/make" "cmTC_4e9f9/fast"
/Applications/Xcode.app/Contents/Developer/usr/bin/make -f CMakeFiles/cmTC_4e9f9.dir/build.make CMakeFiles/cmTC_4e9f9.dir/build
Building C object CMakeFiles/cmTC_4e9f9.dir/CheckFunctionExists.c.o
/Applications/Xcode.app/Contents/Developer/Toolchains/XcodeDefault.xctoolchain/usr/bin/cc   -DCHECK_FUNCTION_EXISTS=gethostbyname_r -isysroot /Applications/Xcode.app/Contents/Developer/Platforms/MacOSX.platform/Developer/SDKs/MacOSX10.12.sdk   -o CMakeFiles/cmTC_4e9f9.dir/CheckFunctionExists.c.o   -c /Users/verpas/Desktop/cmake-3.8.1/Modules/CheckFunctionExists.c
Linking C executable cmTC_4e9f9
/Users/verpas/Desktop/cmake-3.8.1/bin/cmake -E cmake_link_script CMakeFiles/cmTC_4e9f9.dir/link.txt --verbose=1
/Applications/Xcode.app/Contents/Developer/Toolchains/XcodeDefault.xctoolchain/usr/bin/cc  -DCHECK_FUNCTION_EXISTS=gethostbyname_r -isysroot /Applications/Xcode.app/Contents/Developer/Platforms/MacOSX.platform/Developer/SDKs/MacOSX10.12.sdk -Wl,-search_paths_first -Wl,-headerpad_max_install_names   CMakeFiles/cmTC_4e9f9.dir/CheckFunctionExists.c.o  -o cmTC_4e9f9 -lnsl_r 
ld: library not found for -lnsl_r
clang: error: linker command failed with exit code 1 (use -v to see invocation)
make[1]: *** [cmTC_4e9f9] Error 1
make: *** [cmTC_4e9f9/fast] Error 2


Determining if the function gethostbyname_r exists in the nsl failed with the following output:
Change Dir: /Users/verpas/Desktop/mysql_test/Mysql_test/mysql-connector-c-6.1.10-src/cmake/CMakeFiles/CMakeTmp

Run Build Command:"/usr/bin/make" "cmTC_b41ce/fast"
/Applications/Xcode.app/Contents/Developer/usr/bin/make -f CMakeFiles/cmTC_b41ce.dir/build.make CMakeFiles/cmTC_b41ce.dir/build
Building C object CMakeFiles/cmTC_b41ce.dir/CheckFunctionExists.c.o
/Applications/Xcode.app/Contents/Developer/Toolchains/XcodeDefault.xctoolchain/usr/bin/cc   -DCHECK_FUNCTION_EXISTS=gethostbyname_r -isysroot /Applications/Xcode.app/Contents/Developer/Platforms/MacOSX.platform/Developer/SDKs/MacOSX10.12.sdk   -o CMakeFiles/cmTC_b41ce.dir/CheckFunctionExists.c.o   -c /Users/verpas/Desktop/cmake-3.8.1/Modules/CheckFunctionExists.c
Linking C executable cmTC_b41ce
/Users/verpas/Desktop/cmake-3.8.1/bin/cmake -E cmake_link_script CMakeFiles/cmTC_b41ce.dir/link.txt --verbose=1
/Applications/Xcode.app/Contents/Developer/Toolchains/XcodeDefault.xctoolchain/usr/bin/cc  -DCHECK_FUNCTION_EXISTS=gethostbyname_r -isysroot /Applications/Xcode.app/Contents/Developer/Platforms/MacOSX.platform/Developer/SDKs/MacOSX10.12.sdk -Wl,-search_paths_first -Wl,-headerpad_max_install_names   CMakeFiles/cmTC_b41ce.dir/CheckFunctionExists.c.o  -o cmTC_b41ce -lnsl 
ld: library not found for -lnsl
clang: error: linker command failed with exit code 1 (use -v to see invocation)
make[1]: *** [cmTC_b41ce] Error 1
make: *** [cmTC_b41ce/fast] Error 2


Determining if the function timer_create exists failed with the following output:
Change Dir: /Users/verpas/Desktop/mysql_test/Mysql_test/mysql-connector-c-6.1.10-src/cmake/CMakeFiles/CMakeTmp

Run Build Command:"/usr/bin/make" "cmTC_24724/fast"
/Applications/Xcode.app/Contents/Developer/usr/bin/make -f CMakeFiles/cmTC_24724.dir/build.make CMakeFiles/cmTC_24724.dir/build
Building C object CMakeFiles/cmTC_24724.dir/CheckFunctionExists.c.o
/Applications/Xcode.app/Contents/Developer/Toolchains/XcodeDefault.xctoolchain/usr/bin/cc   -DCHECK_FUNCTION_EXISTS=timer_create -isysroot /Applications/Xcode.app/Contents/Developer/Platforms/MacOSX.platform/Developer/SDKs/MacOSX10.12.sdk   -o CMakeFiles/cmTC_24724.dir/CheckFunctionExists.c.o   -c /Users/verpas/Desktop/cmake-3.8.1/Modules/CheckFunctionExists.c
Linking C executable cmTC_24724
/Users/verpas/Desktop/cmake-3.8.1/bin/cmake -E cmake_link_script CMakeFiles/cmTC_24724.dir/link.txt --verbose=1
/Applications/Xcode.app/Contents/Developer/Toolchains/XcodeDefault.xctoolchain/usr/bin/cc  -DCHECK_FUNCTION_EXISTS=timer_create -isysroot /Applications/Xcode.app/Contents/Developer/Platforms/MacOSX.platform/Developer/SDKs/MacOSX10.12.sdk -Wl,-search_paths_first -Wl,-headerpad_max_install_names   CMakeFiles/cmTC_24724.dir/CheckFunctionExists.c.o  -o cmTC_24724 
Undefined symbols for architecture x86_64:
  "_timer_create", referenced from:
      _main in CheckFunctionExists.c.o
ld: symbol(s) not found for architecture x86_64
clang: error: linker command failed with exit code 1 (use -v to see invocation)
make[1]: *** [cmTC_24724] Error 1
make: *** [cmTC_24724/fast] Error 2


Determining if the function timer_create exists in the rt failed with the following output:
Change Dir: /Users/verpas/Desktop/mysql_test/Mysql_test/mysql-connector-c-6.1.10-src/cmake/CMakeFiles/CMakeTmp

Run Build Command:"/usr/bin/make" "cmTC_007ac/fast"
/Applications/Xcode.app/Contents/Developer/usr/bin/make -f CMakeFiles/cmTC_007ac.dir/build.make CMakeFiles/cmTC_007ac.dir/build
Building C object CMakeFiles/cmTC_007ac.dir/CheckFunctionExists.c.o
/Applications/Xcode.app/Contents/Developer/Toolchains/XcodeDefault.xctoolchain/usr/bin/cc   -DCHECK_FUNCTION_EXISTS=timer_create -isysroot /Applications/Xcode.app/Contents/Developer/Platforms/MacOSX.platform/Developer/SDKs/MacOSX10.12.sdk   -o CMakeFiles/cmTC_007ac.dir/CheckFunctionExists.c.o   -c /Users/verpas/Desktop/cmake-3.8.1/Modules/CheckFunctionExists.c
Linking C executable cmTC_007ac
/Users/verpas/Desktop/cmake-3.8.1/bin/cmake -E cmake_link_script CMakeFiles/cmTC_007ac.dir/link.txt --verbose=1
/Applications/Xcode.app/Contents/Developer/Toolchains/XcodeDefault.xctoolchain/usr/bin/cc  -DCHECK_FUNCTION_EXISTS=timer_create -isysroot /Applications/Xcode.app/Contents/Developer/Platforms/MacOSX.platform/Developer/SDKs/MacOSX10.12.sdk -Wl,-search_paths_first -Wl,-headerpad_max_install_names   CMakeFiles/cmTC_007ac.dir/CheckFunctionExists.c.o  -o cmTC_007ac -lrt 
ld: library not found for -lrt
clang: error: linker command failed with exit code 1 (use -v to see invocation)
make[1]: *** [cmTC_007ac] Error 1
make: *** [cmTC_007ac/fast] Error 2


Determining if files fpu_control.h exist failed with the following output:
Change Dir: /Users/verpas/Desktop/mysql_test/Mysql_test/mysql-connector-c-6.1.10-src/cmake/CMakeFiles/CMakeTmp

Run Build Command:"/usr/bin/make" "cmTC_4ddb7/fast"
/Applications/Xcode.app/Contents/Developer/usr/bin/make -f CMakeFiles/cmTC_4ddb7.dir/build.make CMakeFiles/cmTC_4ddb7.dir/build
Building C object CMakeFiles/cmTC_4ddb7.dir/CheckIncludeFiles.c.o
/Applications/Xcode.app/Contents/Developer/Toolchains/XcodeDefault.xctoolchain/usr/bin/cc   -isysroot /Applications/Xcode.app/Contents/Developer/Platforms/MacOSX.platform/Developer/SDKs/MacOSX10.12.sdk   -o CMakeFiles/cmTC_4ddb7.dir/CheckIncludeFiles.c.o   -c /Users/verpas/Desktop/mysql_test/Mysql_test/mysql-connector-c-6.1.10-src/cmake/CMakeFiles/CMakeTmp/CheckIncludeFiles.c
/Users/verpas/Desktop/mysql_test/Mysql_test/mysql-connector-c-6.1.10-src/cmake/CMakeFiles/CMakeTmp/CheckIncludeFiles.c:2:10: fatal error: 'fpu_control.h' file not found
#include <fpu_control.h>
         ^
1 error generated.
make[1]: *** [CMakeFiles/cmTC_4ddb7.dir/CheckIncludeFiles.c.o] Error 1
make: *** [cmTC_4ddb7/fast] Error 2

Source:
/* */
#include <fpu_control.h>


int main(void){return 0;}

Determining if files ieeefp.h exist failed with the following output:
Change Dir: /Users/verpas/Desktop/mysql_test/Mysql_test/mysql-connector-c-6.1.10-src/cmake/CMakeFiles/CMakeTmp

Run Build Command:"/usr/bin/make" "cmTC_0c664/fast"
/Applications/Xcode.app/Contents/Developer/usr/bin/make -f CMakeFiles/cmTC_0c664.dir/build.make CMakeFiles/cmTC_0c664.dir/build
Building C object CMakeFiles/cmTC_0c664.dir/CheckIncludeFiles.c.o
/Applications/Xcode.app/Contents/Developer/Toolchains/XcodeDefault.xctoolchain/usr/bin/cc   -isysroot /Applications/Xcode.app/Contents/Developer/Platforms/MacOSX.platform/Developer/SDKs/MacOSX10.12.sdk   -o CMakeFiles/cmTC_0c664.dir/CheckIncludeFiles.c.o   -c /Users/verpas/Desktop/mysql_test/Mysql_test/mysql-connector-c-6.1.10-src/cmake/CMakeFiles/CMakeTmp/CheckIncludeFiles.c
/Users/verpas/Desktop/mysql_test/Mysql_test/mysql-connector-c-6.1.10-src/cmake/CMakeFiles/CMakeTmp/CheckIncludeFiles.c:2:10: fatal error: 'ieeefp.h' file not found
#include <ieeefp.h>
         ^
1 error generated.
make[1]: *** [CMakeFiles/cmTC_0c664.dir/CheckIncludeFiles.c.o] Error 1
make: *** [cmTC_0c664/fast] Error 2

Source:
/* */
#include <ieeefp.h>


int main(void){return 0;}

Determining if files malloc.h exist failed with the following output:
Change Dir: /Users/verpas/Desktop/mysql_test/Mysql_test/mysql-connector-c-6.1.10-src/cmake/CMakeFiles/CMakeTmp

Run Build Command:"/usr/bin/make" "cmTC_a6c68/fast"
/Applications/Xcode.app/Contents/Developer/usr/bin/make -f CMakeFiles/cmTC_a6c68.dir/build.make CMakeFiles/cmTC_a6c68.dir/build
Building C object CMakeFiles/cmTC_a6c68.dir/CheckIncludeFiles.c.o
/Applications/Xcode.app/Contents/Developer/Toolchains/XcodeDefault.xctoolchain/usr/bin/cc   -isysroot /Applications/Xcode.app/Contents/Developer/Platforms/MacOSX.platform/Developer/SDKs/MacOSX10.12.sdk   -o CMakeFiles/cmTC_a6c68.dir/CheckIncludeFiles.c.o   -c /Users/verpas/Desktop/mysql_test/Mysql_test/mysql-connector-c-6.1.10-src/cmake/CMakeFiles/CMakeTmp/CheckIncludeFiles.c
/Users/verpas/Desktop/mysql_test/Mysql_test/mysql-connector-c-6.1.10-src/cmake/CMakeFiles/CMakeTmp/CheckIncludeFiles.c:2:10: fatal error: 'malloc.h' file not found
#include <malloc.h>
         ^
1 error generated.
make[1]: *** [CMakeFiles/cmTC_a6c68.dir/CheckIncludeFiles.c.o] Error 1
make: *** [cmTC_a6c68/fast] Error 2

Source:
/* */
#include <malloc.h>


int main(void){return 0;}

Determining if files termio.h exist failed with the following output:
Change Dir: /Users/verpas/Desktop/mysql_test/Mysql_test/mysql-connector-c-6.1.10-src/cmake/CMakeFiles/CMakeTmp

Run Build Command:"/usr/bin/make" "cmTC_e9b67/fast"
/Applications/Xcode.app/Contents/Developer/usr/bin/make -f CMakeFiles/cmTC_e9b67.dir/build.make CMakeFiles/cmTC_e9b67.dir/build
Building C object CMakeFiles/cmTC_e9b67.dir/CheckIncludeFiles.c.o
/Applications/Xcode.app/Contents/Developer/Toolchains/XcodeDefault.xctoolchain/usr/bin/cc   -isysroot /Applications/Xcode.app/Contents/Developer/Platforms/MacOSX.platform/Developer/SDKs/MacOSX10.12.sdk   -o CMakeFiles/cmTC_e9b67.dir/CheckIncludeFiles.c.o   -c /Users/verpas/Desktop/mysql_test/Mysql_test/mysql-connector-c-6.1.10-src/cmake/CMakeFiles/CMakeTmp/CheckIncludeFiles.c
/Users/verpas/Desktop/mysql_test/Mysql_test/mysql-connector-c-6.1.10-src/cmake/CMakeFiles/CMakeTmp/CheckIncludeFiles.c:2:10: fatal error: 'termio.h' file not found
#include <termio.h>
         ^
1 error generated.
make[1]: *** [CMakeFiles/cmTC_e9b67.dir/CheckIncludeFiles.c.o] Error 1
make: *** [cmTC_e9b67/fast] Error 2

Source:
/* */
#include <termio.h>


int main(void){return 0;}

Determining if files sys/devpoll.h exist failed with the following output:
Change Dir: /Users/verpas/Desktop/mysql_test/Mysql_test/mysql-connector-c-6.1.10-src/cmake/CMakeFiles/CMakeTmp

Run Build Command:"/usr/bin/make" "cmTC_9f92c/fast"
/Applications/Xcode.app/Contents/Developer/usr/bin/make -f CMakeFiles/cmTC_9f92c.dir/build.make CMakeFiles/cmTC_9f92c.dir/build
Building C object CMakeFiles/cmTC_9f92c.dir/CheckIncludeFiles.c.o
/Applications/Xcode.app/Contents/Developer/Toolchains/XcodeDefault.xctoolchain/usr/bin/cc   -isysroot /Applications/Xcode.app/Contents/Developer/Platforms/MacOSX.platform/Developer/SDKs/MacOSX10.12.sdk   -o CMakeFiles/cmTC_9f92c.dir/CheckIncludeFiles.c.o   -c /Users/verpas/Desktop/mysql_test/Mysql_test/mysql-connector-c-6.1.10-src/cmake/CMakeFiles/CMakeTmp/CheckIncludeFiles.c
/Users/verpas/Desktop/mysql_test/Mysql_test/mysql-connector-c-6.1.10-src/cmake/CMakeFiles/CMakeTmp/CheckIncludeFiles.c:2:10: fatal error: 'sys/devpoll.h' file not found
#include <sys/devpoll.h>
         ^
1 error generated.
make[1]: *** [CMakeFiles/cmTC_9f92c.dir/CheckIncludeFiles.c.o] Error 1
make: *** [cmTC_9f92c/fast] Error 2

Source:
/* */
#include <sys/devpoll.h>


int main(void){return 0;}

Determining if files sys/epoll.h exist failed with the following output:
Change Dir: /Users/verpas/Desktop/mysql_test/Mysql_test/mysql-connector-c-6.1.10-src/cmake/CMakeFiles/CMakeTmp

Run Build Command:"/usr/bin/make" "cmTC_45347/fast"
/Applications/Xcode.app/Contents/Developer/usr/bin/make -f CMakeFiles/cmTC_45347.dir/build.make CMakeFiles/cmTC_45347.dir/build
Building C object CMakeFiles/cmTC_45347.dir/CheckIncludeFiles.c.o
/Applications/Xcode.app/Contents/Developer/Toolchains/XcodeDefault.xctoolchain/usr/bin/cc   -isysroot /Applications/Xcode.app/Contents/Developer/Platforms/MacOSX.platform/Developer/SDKs/MacOSX10.12.sdk   -o CMakeFiles/cmTC_45347.dir/CheckIncludeFiles.c.o   -c /Users/verpas/Desktop/mysql_test/Mysql_test/mysql-connector-c-6.1.10-src/cmake/CMakeFiles/CMakeTmp/CheckIncludeFiles.c
/Users/verpas/Desktop/mysql_test/Mysql_test/mysql-connector-c-6.1.10-src/cmake/CMakeFiles/CMakeTmp/CheckIncludeFiles.c:2:10: fatal error: 'sys/epoll.h' file not found
#include <sys/epoll.h>
         ^
1 error generated.
make[1]: *** [CMakeFiles/cmTC_45347.dir/CheckIncludeFiles.c.o] Error 1
make: *** [cmTC_45347/fast] Error 2

Source:
/* */
#include <sys/epoll.h>


int main(void){return 0;}

Determining if the function _aligned_malloc exists failed with the following output:
Change Dir: /Users/verpas/Desktop/mysql_test/Mysql_test/mysql-connector-c-6.1.10-src/cmake/CMakeFiles/CMakeTmp

Run Build Command:"/usr/bin/make" "cmTC_af318/fast"
/Applications/Xcode.app/Contents/Developer/usr/bin/make -f CMakeFiles/cmTC_af318.dir/build.make CMakeFiles/cmTC_af318.dir/build
Building C object CMakeFiles/cmTC_af318.dir/CheckFunctionExists.c.o
/Applications/Xcode.app/Contents/Developer/Toolchains/XcodeDefault.xctoolchain/usr/bin/cc   -DCHECK_FUNCTION_EXISTS=_aligned_malloc -isysroot /Applications/Xcode.app/Contents/Developer/Platforms/MacOSX.platform/Developer/SDKs/MacOSX10.12.sdk   -o CMakeFiles/cmTC_af318.dir/CheckFunctionExists.c.o   -c /Users/verpas/Desktop/cmake-3.8.1/Modules/CheckFunctionExists.c
Linking C executable cmTC_af318
/Users/verpas/Desktop/cmake-3.8.1/bin/cmake -E cmake_link_script CMakeFiles/cmTC_af318.dir/link.txt --verbose=1
/Applications/Xcode.app/Contents/Developer/Toolchains/XcodeDefault.xctoolchain/usr/bin/cc  -DCHECK_FUNCTION_EXISTS=_aligned_malloc -isysroot /Applications/Xcode.app/Contents/Developer/Platforms/MacOSX.platform/Developer/SDKs/MacOSX10.12.sdk -Wl,-search_paths_first -Wl,-headerpad_max_install_names   CMakeFiles/cmTC_af318.dir/CheckFunctionExists.c.o  -o cmTC_af318 
Undefined symbols for architecture x86_64:
  "__aligned_malloc", referenced from:
      _main in CheckFunctionExists.c.o
ld: symbol(s) not found for architecture x86_64
clang: error: linker command failed with exit code 1 (use -v to see invocation)
make[1]: *** [cmTC_af318] Error 1
make: *** [cmTC_af318/fast] Error 2


Determining if the function printstack exists failed with the following output:
Change Dir: /Users/verpas/Desktop/mysql_test/Mysql_test/mysql-connector-c-6.1.10-src/cmake/CMakeFiles/CMakeTmp

Run Build Command:"/usr/bin/make" "cmTC_325aa/fast"
/Applications/Xcode.app/Contents/Developer/usr/bin/make -f CMakeFiles/cmTC_325aa.dir/build.make CMakeFiles/cmTC_325aa.dir/build
Building C object CMakeFiles/cmTC_325aa.dir/CheckFunctionExists.c.o
/Applications/Xcode.app/Contents/Developer/Toolchains/XcodeDefault.xctoolchain/usr/bin/cc   -DCHECK_FUNCTION_EXISTS=printstack -isysroot /Applications/Xcode.app/Contents/Developer/Platforms/MacOSX.platform/Developer/SDKs/MacOSX10.12.sdk   -o CMakeFiles/cmTC_325aa.dir/CheckFunctionExists.c.o   -c /Users/verpas/Desktop/cmake-3.8.1/Modules/CheckFunctionExists.c
Linking C executable cmTC_325aa
/Users/verpas/Desktop/cmake-3.8.1/bin/cmake -E cmake_link_script CMakeFiles/cmTC_325aa.dir/link.txt --verbose=1
/Applications/Xcode.app/Contents/Developer/Toolchains/XcodeDefault.xctoolchain/usr/bin/cc  -DCHECK_FUNCTION_EXISTS=printstack -isysroot /Applications/Xcode.app/Contents/Developer/Platforms/MacOSX.platform/Developer/SDKs/MacOSX10.12.sdk -Wl,-search_paths_first -Wl,-headerpad_max_install_names   CMakeFiles/cmTC_325aa.dir/CheckFunctionExists.c.o  -o cmTC_325aa 
Undefined symbols for architecture x86_64:
  "_printstack", referenced from:
      _main in CheckFunctionExists.c.o
ld: symbol(s) not found for architecture x86_64
clang: error: linker command failed with exit code 1 (use -v to see invocation)
make[1]: *** [cmTC_325aa] Error 1
make: *** [cmTC_325aa/fast] Error 2


Determining if the function cuserid exists failed with the following output:
Change Dir: /Users/verpas/Desktop/mysql_test/Mysql_test/mysql-connector-c-6.1.10-src/cmake/CMakeFiles/CMakeTmp

Run Build Command:"/usr/bin/make" "cmTC_a8538/fast"
/Applications/Xcode.app/Contents/Developer/usr/bin/make -f CMakeFiles/cmTC_a8538.dir/build.make CMakeFiles/cmTC_a8538.dir/build
Building C object CMakeFiles/cmTC_a8538.dir/CheckFunctionExists.c.o
/Applications/Xcode.app/Contents/Developer/Toolchains/XcodeDefault.xctoolchain/usr/bin/cc   -DCHECK_FUNCTION_EXISTS=cuserid -isysroot /Applications/Xcode.app/Contents/Developer/Platforms/MacOSX.platform/Developer/SDKs/MacOSX10.12.sdk   -o CMakeFiles/cmTC_a8538.dir/CheckFunctionExists.c.o   -c /Users/verpas/Desktop/cmake-3.8.1/Modules/CheckFunctionExists.c
Linking C executable cmTC_a8538
/Users/verpas/Desktop/cmake-3.8.1/bin/cmake -E cmake_link_script CMakeFiles/cmTC_a8538.dir/link.txt --verbose=1
/Applications/Xcode.app/Contents/Developer/Toolchains/XcodeDefault.xctoolchain/usr/bin/cc  -DCHECK_FUNCTION_EXISTS=cuserid -isysroot /Applications/Xcode.app/Contents/Developer/Platforms/MacOSX.platform/Developer/SDKs/MacOSX10.12.sdk -Wl,-search_paths_first -Wl,-headerpad_max_install_names   CMakeFiles/cmTC_a8538.dir/CheckFunctionExists.c.o  -o cmTC_a8538 
Undefined symbols for architecture x86_64:
  "_cuserid", referenced from:
      _main in CheckFunctionExists.c.o
ld: symbol(s) not found for architecture x86_64
clang: error: linker command failed with exit code 1 (use -v to see invocation)
make[1]: *** [cmTC_a8538] Error 1
make: *** [cmTC_a8538/fast] Error 2


Determining if the function directio exists failed with the following output:
Change Dir: /Users/verpas/Desktop/mysql_test/Mysql_test/mysql-connector-c-6.1.10-src/cmake/CMakeFiles/CMakeTmp

Run Build Command:"/usr/bin/make" "cmTC_1c095/fast"
/Applications/Xcode.app/Contents/Developer/usr/bin/make -f CMakeFiles/cmTC_1c095.dir/build.make CMakeFiles/cmTC_1c095.dir/build
Building C object CMakeFiles/cmTC_1c095.dir/CheckFunctionExists.c.o
/Applications/Xcode.app/Contents/Developer/Toolchains/XcodeDefault.xctoolchain/usr/bin/cc   -DCHECK_FUNCTION_EXISTS=directio -isysroot /Applications/Xcode.app/Contents/Developer/Platforms/MacOSX.platform/Developer/SDKs/MacOSX10.12.sdk   -o CMakeFiles/cmTC_1c095.dir/CheckFunctionExists.c.o   -c /Users/verpas/Desktop/cmake-3.8.1/Modules/CheckFunctionExists.c
Linking C executable cmTC_1c095
/Users/verpas/Desktop/cmake-3.8.1/bin/cmake -E cmake_link_script CMakeFiles/cmTC_1c095.dir/link.txt --verbose=1
/Applications/Xcode.app/Contents/Developer/Toolchains/XcodeDefault.xctoolchain/usr/bin/cc  -DCHECK_FUNCTION_EXISTS=directio -isysroot /Applications/Xcode.app/Contents/Developer/Platforms/MacOSX.platform/Developer/SDKs/MacOSX10.12.sdk -Wl,-search_paths_first -Wl,-headerpad_max_install_names   CMakeFiles/cmTC_1c095.dir/CheckFunctionExists.c.o  -o cmTC_1c095 
Undefined symbols for architecture x86_64:
  "_directio", referenced from:
      _main in CheckFunctionExists.c.o
ld: symbol(s) not found for architecture x86_64
clang: error: linker command failed with exit code 1 (use -v to see invocation)
make[1]: *** [cmTC_1c095] Error 1
make: *** [cmTC_1c095/fast] Error 2


Determining if the function compress exists failed with the following output:
Change Dir: /Users/verpas/Desktop/mysql_test/Mysql_test/mysql-connector-c-6.1.10-src/cmake/CMakeFiles/CMakeTmp

Run Build Command:"/usr/bin/make" "cmTC_c2b0b/fast"
/Applications/Xcode.app/Contents/Developer/usr/bin/make -f CMakeFiles/cmTC_c2b0b.dir/build.make CMakeFiles/cmTC_c2b0b.dir/build
Building C object CMakeFiles/cmTC_c2b0b.dir/CheckFunctionExists.c.o
/Applications/Xcode.app/Contents/Developer/Toolchains/XcodeDefault.xctoolchain/usr/bin/cc   -DCHECK_FUNCTION_EXISTS=compress -isysroot /Applications/Xcode.app/Contents/Developer/Platforms/MacOSX.platform/Developer/SDKs/MacOSX10.12.sdk   -o CMakeFiles/cmTC_c2b0b.dir/CheckFunctionExists.c.o   -c /Users/verpas/Desktop/cmake-3.8.1/Modules/CheckFunctionExists.c
Linking C executable cmTC_c2b0b
/Users/verpas/Desktop/cmake-3.8.1/bin/cmake -E cmake_link_script CMakeFiles/cmTC_c2b0b.dir/link.txt --verbose=1
/Applications/Xcode.app/Contents/Developer/Toolchains/XcodeDefault.xctoolchain/usr/bin/cc  -DCHECK_FUNCTION_EXISTS=compress -isysroot /Applications/Xcode.app/Contents/Developer/Platforms/MacOSX.platform/Developer/SDKs/MacOSX10.12.sdk -Wl,-search_paths_first -Wl,-headerpad_max_install_names   CMakeFiles/cmTC_c2b0b.dir/CheckFunctionExists.c.o  -o cmTC_c2b0b 
Undefined symbols for architecture x86_64:
  "_compress", referenced from:
      _main in CheckFunctionExists.c.o
ld: symbol(s) not found for architecture x86_64
clang: error: linker command failed with exit code 1 (use -v to see invocation)
make[1]: *** [cmTC_c2b0b] Error 1
make: *** [cmTC_c2b0b/fast] Error 2


Determining if the fdatasync exist failed with the following output:
Change Dir: /Users/verpas/Desktop/mysql_test/Mysql_test/mysql-connector-c-6.1.10-src/cmake/CMakeFiles/CMakeTmp

Run Build Command:"/usr/bin/make" "cmTC_b6a71/fast"
/Applications/Xcode.app/Contents/Developer/usr/bin/make -f CMakeFiles/cmTC_b6a71.dir/build.make CMakeFiles/cmTC_b6a71.dir/build
Building C object CMakeFiles/cmTC_b6a71.dir/CheckSymbolExists.c.o
/Applications/Xcode.app/Contents/Developer/Toolchains/XcodeDefault.xctoolchain/usr/bin/cc   -isysroot /Applications/Xcode.app/Contents/Developer/Platforms/MacOSX.platform/Developer/SDKs/MacOSX10.12.sdk   -o CMakeFiles/cmTC_b6a71.dir/CheckSymbolExists.c.o   -c /Users/verpas/Desktop/mysql_test/Mysql_test/mysql-connector-c-6.1.10-src/cmake/CMakeFiles/CMakeTmp/CheckSymbolExists.c
/Users/verpas/Desktop/mysql_test/Mysql_test/mysql-connector-c-6.1.10-src/cmake/CMakeFiles/CMakeTmp/CheckSymbolExists.c:8:19: error: use of undeclared identifier 'fdatasync'
  return ((int*)(&fdatasync))[argc];
                  ^
1 error generated.
make[1]: *** [CMakeFiles/cmTC_b6a71.dir/CheckSymbolExists.c.o] Error 1
make: *** [cmTC_b6a71/fast] Error 2

File /Users/verpas/Desktop/mysql_test/Mysql_test/mysql-connector-c-6.1.10-src/cmake/CMakeFiles/CMakeTmp/CheckSymbolExists.c:
/* */
#include <unistd.h>

int main(int argc, char** argv)
{
  (void)argv;
#ifndef fdatasync
  return ((int*)(&fdatasync))[argc];
#else
  (void)argc;
  return 0;
#endif
}

Determining if the function fedisableexcept exists failed with the following output:
Change Dir: /Users/verpas/Desktop/mysql_test/Mysql_test/mysql-connector-c-6.1.10-src/cmake/CMakeFiles/CMakeTmp

Run Build Command:"/usr/bin/make" "cmTC_fd503/fast"
/Applications/Xcode.app/Contents/Developer/usr/bin/make -f CMakeFiles/cmTC_fd503.dir/build.make CMakeFiles/cmTC_fd503.dir/build
Building C object CMakeFiles/cmTC_fd503.dir/CheckFunctionExists.c.o
/Applications/Xcode.app/Contents/Developer/Toolchains/XcodeDefault.xctoolchain/usr/bin/cc   -DCHECK_FUNCTION_EXISTS=fedisableexcept -isysroot /Applications/Xcode.app/Contents/Developer/Platforms/MacOSX.platform/Developer/SDKs/MacOSX10.12.sdk   -o CMakeFiles/cmTC_fd503.dir/CheckFunctionExists.c.o   -c /Users/verpas/Desktop/cmake-3.8.1/Modules/CheckFunctionExists.c
Linking C executable cmTC_fd503
/Users/verpas/Desktop/cmake-3.8.1/bin/cmake -E cmake_link_script CMakeFiles/cmTC_fd503.dir/link.txt --verbose=1
/Applications/Xcode.app/Contents/Developer/Toolchains/XcodeDefault.xctoolchain/usr/bin/cc  -DCHECK_FUNCTION_EXISTS=fedisableexcept -isysroot /Applications/Xcode.app/Contents/Developer/Platforms/MacOSX.platform/Developer/SDKs/MacOSX10.12.sdk -Wl,-search_paths_first -Wl,-headerpad_max_install_names   CMakeFiles/cmTC_fd503.dir/CheckFunctionExists.c.o  -o cmTC_fd503 
Undefined symbols for architecture x86_64:
  "_fedisableexcept", referenced from:
      _main in CheckFunctionExists.c.o
ld: symbol(s) not found for architecture x86_64
clang: error: linker command failed with exit code 1 (use -v to see invocation)
make[1]: *** [cmTC_fd503] Error 1
make: *** [cmTC_fd503/fast] Error 2


Determining if the function gethostbyaddr_r exists failed with the following output:
Change Dir: /Users/verpas/Desktop/mysql_test/Mysql_test/mysql-connector-c-6.1.10-src/cmake/CMakeFiles/CMakeTmp

Run Build Command:"/usr/bin/make" "cmTC_3e641/fast"
/Applications/Xcode.app/Contents/Developer/usr/bin/make -f CMakeFiles/cmTC_3e641.dir/build.make CMakeFiles/cmTC_3e641.dir/build
Building C object CMakeFiles/cmTC_3e641.dir/CheckFunctionExists.c.o
/Applications/Xcode.app/Contents/Developer/Toolchains/XcodeDefault.xctoolchain/usr/bin/cc   -DCHECK_FUNCTION_EXISTS=gethostbyaddr_r -isysroot /Applications/Xcode.app/Contents/Developer/Platforms/MacOSX.platform/Developer/SDKs/MacOSX10.12.sdk   -o CMakeFiles/cmTC_3e641.dir/CheckFunctionExists.c.o   -c /Users/verpas/Desktop/cmake-3.8.1/Modules/CheckFunctionExists.c
Linking C executable cmTC_3e641
/Users/verpas/Desktop/cmake-3.8.1/bin/cmake -E cmake_link_script CMakeFiles/cmTC_3e641.dir/link.txt --verbose=1
/Applications/Xcode.app/Contents/Developer/Toolchains/XcodeDefault.xctoolchain/usr/bin/cc  -DCHECK_FUNCTION_EXISTS=gethostbyaddr_r -isysroot /Applications/Xcode.app/Contents/Developer/Platforms/MacOSX.platform/Developer/SDKs/MacOSX10.12.sdk -Wl,-search_paths_first -Wl,-headerpad_max_install_names   CMakeFiles/cmTC_3e641.dir/CheckFunctionExists.c.o  -o cmTC_3e641 
Undefined symbols for architecture x86_64:
  "_gethostbyaddr_r", referenced from:
      _main in CheckFunctionExists.c.o
ld: symbol(s) not found for architecture x86_64
clang: error: linker command failed with exit code 1 (use -v to see invocation)
make[1]: *** [cmTC_3e641] Error 1
make: *** [cmTC_3e641/fast] Error 2


Determining if the function gethrtime exists failed with the following output:
Change Dir: /Users/verpas/Desktop/mysql_test/Mysql_test/mysql-connector-c-6.1.10-src/cmake/CMakeFiles/CMakeTmp

Run Build Command:"/usr/bin/make" "cmTC_d345b/fast"
/Applications/Xcode.app/Contents/Developer/usr/bin/make -f CMakeFiles/cmTC_d345b.dir/build.make CMakeFiles/cmTC_d345b.dir/build
Building C object CMakeFiles/cmTC_d345b.dir/CheckFunctionExists.c.o
/Applications/Xcode.app/Contents/Developer/Toolchains/XcodeDefault.xctoolchain/usr/bin/cc   -DCHECK_FUNCTION_EXISTS=gethrtime -isysroot /Applications/Xcode.app/Contents/Developer/Platforms/MacOSX.platform/Developer/SDKs/MacOSX10.12.sdk   -o CMakeFiles/cmTC_d345b.dir/CheckFunctionExists.c.o   -c /Users/verpas/Desktop/cmake-3.8.1/Modules/CheckFunctionExists.c
Linking C executable cmTC_d345b
/Users/verpas/Desktop/cmake-3.8.1/bin/cmake -E cmake_link_script CMakeFiles/cmTC_d345b.dir/link.txt --verbose=1
/Applications/Xcode.app/Contents/Developer/Toolchains/XcodeDefault.xctoolchain/usr/bin/cc  -DCHECK_FUNCTION_EXISTS=gethrtime -isysroot /Applications/Xcode.app/Contents/Developer/Platforms/MacOSX.platform/Developer/SDKs/MacOSX10.12.sdk -Wl,-search_paths_first -Wl,-headerpad_max_install_names   CMakeFiles/cmTC_d345b.dir/CheckFunctionExists.c.o  -o cmTC_d345b 
Undefined symbols for architecture x86_64:
  "_gethrtime", referenced from:
      _main in CheckFunctionExists.c.o
ld: symbol(s) not found for architecture x86_64
clang: error: linker command failed with exit code 1 (use -v to see invocation)
make[1]: *** [cmTC_d345b] Error 1
make: *** [cmTC_d345b/fast] Error 2


Determining if the function getpassphrase exists failed with the following output:
Change Dir: /Users/verpas/Desktop/mysql_test/Mysql_test/mysql-connector-c-6.1.10-src/cmake/CMakeFiles/CMakeTmp

Run Build Command:"/usr/bin/make" "cmTC_03c91/fast"
/Applications/Xcode.app/Contents/Developer/usr/bin/make -f CMakeFiles/cmTC_03c91.dir/build.make CMakeFiles/cmTC_03c91.dir/build
Building C object CMakeFiles/cmTC_03c91.dir/CheckFunctionExists.c.o
/Applications/Xcode.app/Contents/Developer/Toolchains/XcodeDefault.xctoolchain/usr/bin/cc   -DCHECK_FUNCTION_EXISTS=getpassphrase -isysroot /Applications/Xcode.app/Contents/Developer/Platforms/MacOSX.platform/Developer/SDKs/MacOSX10.12.sdk   -o CMakeFiles/cmTC_03c91.dir/CheckFunctionExists.c.o   -c /Users/verpas/Desktop/cmake-3.8.1/Modules/CheckFunctionExists.c
Linking C executable cmTC_03c91
/Users/verpas/Desktop/cmake-3.8.1/bin/cmake -E cmake_link_script CMakeFiles/cmTC_03c91.dir/link.txt --verbose=1
/Applications/Xcode.app/Contents/Developer/Toolchains/XcodeDefault.xctoolchain/usr/bin/cc  -DCHECK_FUNCTION_EXISTS=getpassphrase -isysroot /Applications/Xcode.app/Contents/Developer/Platforms/MacOSX.platform/Developer/SDKs/MacOSX10.12.sdk -Wl,-search_paths_first -Wl,-headerpad_max_install_names   CMakeFiles/cmTC_03c91.dir/CheckFunctionExists.c.o  -o cmTC_03c91 
Undefined symbols for architecture x86_64:
  "_getpassphrase", referenced from:
      _main in CheckFunctionExists.c.o
ld: symbol(s) not found for architecture x86_64
clang: error: linker command failed with exit code 1 (use -v to see invocation)
make[1]: *** [cmTC_03c91] Error 1
make: *** [cmTC_03c91/fast] Error 2


Determining if the function malloc_info exists failed with the following output:
Change Dir: /Users/verpas/Desktop/mysql_test/Mysql_test/mysql-connector-c-6.1.10-src/cmake/CMakeFiles/CMakeTmp

Run Build Command:"/usr/bin/make" "cmTC_ed365/fast"
/Applications/Xcode.app/Contents/Developer/usr/bin/make -f CMakeFiles/cmTC_ed365.dir/build.make CMakeFiles/cmTC_ed365.dir/build
Building C object CMakeFiles/cmTC_ed365.dir/CheckFunctionExists.c.o
/Applications/Xcode.app/Contents/Developer/Toolchains/XcodeDefault.xctoolchain/usr/bin/cc   -DCHECK_FUNCTION_EXISTS=malloc_info -isysroot /Applications/Xcode.app/Contents/Developer/Platforms/MacOSX.platform/Developer/SDKs/MacOSX10.12.sdk   -o CMakeFiles/cmTC_ed365.dir/CheckFunctionExists.c.o   -c /Users/verpas/Desktop/cmake-3.8.1/Modules/CheckFunctionExists.c
Linking C executable cmTC_ed365
/Users/verpas/Desktop/cmake-3.8.1/bin/cmake -E cmake_link_script CMakeFiles/cmTC_ed365.dir/link.txt --verbose=1
/Applications/Xcode.app/Contents/Developer/Toolchains/XcodeDefault.xctoolchain/usr/bin/cc  -DCHECK_FUNCTION_EXISTS=malloc_info -isysroot /Applications/Xcode.app/Contents/Developer/Platforms/MacOSX.platform/Developer/SDKs/MacOSX10.12.sdk -Wl,-search_paths_first -Wl,-headerpad_max_install_names   CMakeFiles/cmTC_ed365.dir/CheckFunctionExists.c.o  -o cmTC_ed365 
Undefined symbols for architecture x86_64:
  "_malloc_info", referenced from:
      _main in CheckFunctionExists.c.o
ld: symbol(s) not found for architecture x86_64
clang: error: linker command failed with exit code 1 (use -v to see invocation)
make[1]: *** [cmTC_ed365] Error 1
make: *** [cmTC_ed365/fast] Error 2


Determining if the function memrchr exists failed with the following output:
Change Dir: /Users/verpas/Desktop/mysql_test/Mysql_test/mysql-connector-c-6.1.10-src/cmake/CMakeFiles/CMakeTmp

Run Build Command:"/usr/bin/make" "cmTC_3dfea/fast"
/Applications/Xcode.app/Contents/Developer/usr/bin/make -f CMakeFiles/cmTC_3dfea.dir/build.make CMakeFiles/cmTC_3dfea.dir/build
Building C object CMakeFiles/cmTC_3dfea.dir/CheckFunctionExists.c.o
/Applications/Xcode.app/Contents/Developer/Toolchains/XcodeDefault.xctoolchain/usr/bin/cc   -DCHECK_FUNCTION_EXISTS=memrchr -isysroot /Applications/Xcode.app/Contents/Developer/Platforms/MacOSX.platform/Developer/SDKs/MacOSX10.12.sdk   -o CMakeFiles/cmTC_3dfea.dir/CheckFunctionExists.c.o   -c /Users/verpas/Desktop/cmake-3.8.1/Modules/CheckFunctionExists.c
Linking C executable cmTC_3dfea
/Users/verpas/Desktop/cmake-3.8.1/bin/cmake -E cmake_link_script CMakeFiles/cmTC_3dfea.dir/link.txt --verbose=1
/Applications/Xcode.app/Contents/Developer/Toolchains/XcodeDefault.xctoolchain/usr/bin/cc  -DCHECK_FUNCTION_EXISTS=memrchr -isysroot /Applications/Xcode.app/Contents/Developer/Platforms/MacOSX.platform/Developer/SDKs/MacOSX10.12.sdk -Wl,-search_paths_first -Wl,-headerpad_max_install_names   CMakeFiles/cmTC_3dfea.dir/CheckFunctionExists.c.o  -o cmTC_3dfea 
Undefined symbols for architecture x86_64:
  "_memrchr", referenced from:
      _main in CheckFunctionExists.c.o
ld: symbol(s) not found for architecture x86_64
clang: error: linker command failed with exit code 1 (use -v to see invocation)
make[1]: *** [cmTC_3dfea] Error 1
make: *** [cmTC_3dfea/fast] Error 2


Determining if the function mmap64 exists failed with the following output:
Change Dir: /Users/verpas/Desktop/mysql_test/Mysql_test/mysql-connector-c-6.1.10-src/cmake/CMakeFiles/CMakeTmp

Run Build Command:"/usr/bin/make" "cmTC_c225f/fast"
/Applications/Xcode.app/Contents/Developer/usr/bin/make -f CMakeFiles/cmTC_c225f.dir/build.make CMakeFiles/cmTC_c225f.dir/build
Building C object CMakeFiles/cmTC_c225f.dir/CheckFunctionExists.c.o
/Applications/Xcode.app/Contents/Developer/Toolchains/XcodeDefault.xctoolchain/usr/bin/cc   -DCHECK_FUNCTION_EXISTS=mmap64 -isysroot /Applications/Xcode.app/Contents/Developer/Platforms/MacOSX.platform/Developer/SDKs/MacOSX10.12.sdk   -o CMakeFiles/cmTC_c225f.dir/CheckFunctionExists.c.o   -c /Users/verpas/Desktop/cmake-3.8.1/Modules/CheckFunctionExists.c
Linking C executable cmTC_c225f
/Users/verpas/Desktop/cmake-3.8.1/bin/cmake -E cmake_link_script CMakeFiles/cmTC_c225f.dir/link.txt --verbose=1
/Applications/Xcode.app/Contents/Developer/Toolchains/XcodeDefault.xctoolchain/usr/bin/cc  -DCHECK_FUNCTION_EXISTS=mmap64 -isysroot /Applications/Xcode.app/Contents/Developer/Platforms/MacOSX.platform/Developer/SDKs/MacOSX10.12.sdk -Wl,-search_paths_first -Wl,-headerpad_max_install_names   CMakeFiles/cmTC_c225f.dir/CheckFunctionExists.c.o  -o cmTC_c225f 
Undefined symbols for architecture x86_64:
  "_mmap64", referenced from:
      _main in CheckFunctionExists.c.o
ld: symbol(s) not found for architecture x86_64
clang: error: linker command failed with exit code 1 (use -v to see invocation)
make[1]: *** [cmTC_c225f] Error 1
make: *** [cmTC_c225f/fast] Error 2


Determining if the function posix_fallocate exists failed with the following output:
Change Dir: /Users/verpas/Desktop/mysql_test/Mysql_test/mysql-connector-c-6.1.10-src/cmake/CMakeFiles/CMakeTmp

Run Build Command:"/usr/bin/make" "cmTC_93130/fast"
/Applications/Xcode.app/Contents/Developer/usr/bin/make -f CMakeFiles/cmTC_93130.dir/build.make CMakeFiles/cmTC_93130.dir/build
Building C object CMakeFiles/cmTC_93130.dir/CheckFunctionExists.c.o
/Applications/Xcode.app/Contents/Developer/Toolchains/XcodeDefault.xctoolchain/usr/bin/cc   -DCHECK_FUNCTION_EXISTS=posix_fallocate -isysroot /Applications/Xcode.app/Contents/Developer/Platforms/MacOSX.platform/Developer/SDKs/MacOSX10.12.sdk   -o CMakeFiles/cmTC_93130.dir/CheckFunctionExists.c.o   -c /Users/verpas/Desktop/cmake-3.8.1/Modules/CheckFunctionExists.c
Linking C executable cmTC_93130
/Users/verpas/Desktop/cmake-3.8.1/bin/cmake -E cmake_link_script CMakeFiles/cmTC_93130.dir/link.txt --verbose=1
/Applications/Xcode.app/Contents/Developer/Toolchains/XcodeDefault.xctoolchain/usr/bin/cc  -DCHECK_FUNCTION_EXISTS=posix_fallocate -isysroot /Applications/Xcode.app/Contents/Developer/Platforms/MacOSX.platform/Developer/SDKs/MacOSX10.12.sdk -Wl,-search_paths_first -Wl,-headerpad_max_install_names   CMakeFiles/cmTC_93130.dir/CheckFunctionExists.c.o  -o cmTC_93130 
Undefined symbols for architecture x86_64:
  "_posix_fallocate", referenced from:
      _main in CheckFunctionExists.c.o
ld: symbol(s) not found for architecture x86_64
clang: error: linker command failed with exit code 1 (use -v to see invocation)
make[1]: *** [cmTC_93130] Error 1
make: *** [cmTC_93130/fast] Error 2


Determining if the function pthread_condattr_setclock exists failed with the following output:
Change Dir: /Users/verpas/Desktop/mysql_test/Mysql_test/mysql-connector-c-6.1.10-src/cmake/CMakeFiles/CMakeTmp

Run Build Command:"/usr/bin/make" "cmTC_0140a/fast"
/Applications/Xcode.app/Contents/Developer/usr/bin/make -f CMakeFiles/cmTC_0140a.dir/build.make CMakeFiles/cmTC_0140a.dir/build
Building C object CMakeFiles/cmTC_0140a.dir/CheckFunctionExists.c.o
/Applications/Xcode.app/Contents/Developer/Toolchains/XcodeDefault.xctoolchain/usr/bin/cc   -DCHECK_FUNCTION_EXISTS=pthread_condattr_setclock -isysroot /Applications/Xcode.app/Contents/Developer/Platforms/MacOSX.platform/Developer/SDKs/MacOSX10.12.sdk   -o CMakeFiles/cmTC_0140a.dir/CheckFunctionExists.c.o   -c /Users/verpas/Desktop/cmake-3.8.1/Modules/CheckFunctionExists.c
Linking C executable cmTC_0140a
/Users/verpas/Desktop/cmake-3.8.1/bin/cmake -E cmake_link_script CMakeFiles/cmTC_0140a.dir/link.txt --verbose=1
/Applications/Xcode.app/Contents/Developer/Toolchains/XcodeDefault.xctoolchain/usr/bin/cc  -DCHECK_FUNCTION_EXISTS=pthread_condattr_setclock -isysroot /Applications/Xcode.app/Contents/Developer/Platforms/MacOSX.platform/Developer/SDKs/MacOSX10.12.sdk -Wl,-search_paths_first -Wl,-headerpad_max_install_names   CMakeFiles/cmTC_0140a.dir/CheckFunctionExists.c.o  -o cmTC_0140a 
Undefined symbols for architecture x86_64:
  "_pthread_condattr_setclock", referenced from:
      _main in CheckFunctionExists.c.o
ld: symbol(s) not found for architecture x86_64
clang: error: linker command failed with exit code 1 (use -v to see invocation)
make[1]: *** [cmTC_0140a] Error 1
make: *** [cmTC_0140a/fast] Error 2


Determining if the function setfd exists failed with the following output:
Change Dir: /Users/verpas/Desktop/mysql_test/Mysql_test/mysql-connector-c-6.1.10-src/cmake/CMakeFiles/CMakeTmp

Run Build Command:"/usr/bin/make" "cmTC_52200/fast"
/Applications/Xcode.app/Contents/Developer/usr/bin/make -f CMakeFiles/cmTC_52200.dir/build.make CMakeFiles/cmTC_52200.dir/build
Building C object CMakeFiles/cmTC_52200.dir/CheckFunctionExists.c.o
/Applications/Xcode.app/Contents/Developer/Toolchains/XcodeDefault.xctoolchain/usr/bin/cc   -DCHECK_FUNCTION_EXISTS=setfd -isysroot /Applications/Xcode.app/Contents/Developer/Platforms/MacOSX.platform/Developer/SDKs/MacOSX10.12.sdk   -o CMakeFiles/cmTC_52200.dir/CheckFunctionExists.c.o   -c /Users/verpas/Desktop/cmake-3.8.1/Modules/CheckFunctionExists.c
Linking C executable cmTC_52200
/Users/verpas/Desktop/cmake-3.8.1/bin/cmake -E cmake_link_script CMakeFiles/cmTC_52200.dir/link.txt --verbose=1
/Applications/Xcode.app/Contents/Developer/Toolchains/XcodeDefault.xctoolchain/usr/bin/cc  -DCHECK_FUNCTION_EXISTS=setfd -isysroot /Applications/Xcode.app/Contents/Developer/Platforms/MacOSX.platform/Developer/SDKs/MacOSX10.12.sdk -Wl,-search_paths_first -Wl,-headerpad_max_install_names   CMakeFiles/cmTC_52200.dir/CheckFunctionExists.c.o  -o cmTC_52200 
Undefined symbols for architecture x86_64:
  "_setfd", referenced from:
      _main in CheckFunctionExists.c.o
ld: symbol(s) not found for architecture x86_64
clang: error: linker command failed with exit code 1 (use -v to see invocation)
make[1]: *** [cmTC_52200] Error 1
make: *** [cmTC_52200/fast] Error 2


Determining if the function tell exists failed with the following output:
Change Dir: /Users/verpas/Desktop/mysql_test/Mysql_test/mysql-connector-c-6.1.10-src/cmake/CMakeFiles/CMakeTmp

Run Build Command:"/usr/bin/make" "cmTC_0142d/fast"
/Applications/Xcode.app/Contents/Developer/usr/bin/make -f CMakeFiles/cmTC_0142d.dir/build.make CMakeFiles/cmTC_0142d.dir/build
Building C object CMakeFiles/cmTC_0142d.dir/CheckFunctionExists.c.o
/Applications/Xcode.app/Contents/Developer/Toolchains/XcodeDefault.xctoolchain/usr/bin/cc   -DCHECK_FUNCTION_EXISTS=tell -isysroot /Applications/Xcode.app/Contents/Developer/Platforms/MacOSX.platform/Developer/SDKs/MacOSX10.12.sdk   -o CMakeFiles/cmTC_0142d.dir/CheckFunctionExists.c.o   -c /Users/verpas/Desktop/cmake-3.8.1/Modules/CheckFunctionExists.c
Linking C executable cmTC_0142d
/Users/verpas/Desktop/cmake-3.8.1/bin/cmake -E cmake_link_script CMakeFiles/cmTC_0142d.dir/link.txt --verbose=1
/Applications/Xcode.app/Contents/Developer/Toolchains/XcodeDefault.xctoolchain/usr/bin/cc  -DCHECK_FUNCTION_EXISTS=tell -isysroot /Applications/Xcode.app/Contents/Developer/Platforms/MacOSX.platform/Developer/SDKs/MacOSX10.12.sdk -Wl,-search_paths_first -Wl,-headerpad_max_install_names   CMakeFiles/cmTC_0142d.dir/CheckFunctionExists.c.o  -o cmTC_0142d 
Undefined symbols for architecture x86_64:
  "_tell", referenced from:
      _main in CheckFunctionExists.c.o
ld: symbol(s) not found for architecture x86_64
clang: error: linker command failed with exit code 1 (use -v to see invocation)
make[1]: *** [cmTC_0142d] Error 1
make: *** [cmTC_0142d/fast] Error 2


Determining if the function memalign exists failed with the following output:
Change Dir: /Users/verpas/Desktop/mysql_test/Mysql_test/mysql-connector-c-6.1.10-src/cmake/CMakeFiles/CMakeTmp

Run Build Command:"/usr/bin/make" "cmTC_e58e3/fast"
/Applications/Xcode.app/Contents/Developer/usr/bin/make -f CMakeFiles/cmTC_e58e3.dir/build.make CMakeFiles/cmTC_e58e3.dir/build
Building C object CMakeFiles/cmTC_e58e3.dir/CheckFunctionExists.c.o
/Applications/Xcode.app/Contents/Developer/Toolchains/XcodeDefault.xctoolchain/usr/bin/cc   -DCHECK_FUNCTION_EXISTS=memalign -isysroot /Applications/Xcode.app/Contents/Developer/Platforms/MacOSX.platform/Developer/SDKs/MacOSX10.12.sdk   -o CMakeFiles/cmTC_e58e3.dir/CheckFunctionExists.c.o   -c /Users/verpas/Desktop/cmake-3.8.1/Modules/CheckFunctionExists.c
Linking C executable cmTC_e58e3
/Users/verpas/Desktop/cmake-3.8.1/bin/cmake -E cmake_link_script CMakeFiles/cmTC_e58e3.dir/link.txt --verbose=1
/Applications/Xcode.app/Contents/Developer/Toolchains/XcodeDefault.xctoolchain/usr/bin/cc  -DCHECK_FUNCTION_EXISTS=memalign -isysroot /Applications/Xcode.app/Contents/Developer/Platforms/MacOSX.platform/Developer/SDKs/MacOSX10.12.sdk -Wl,-search_paths_first -Wl,-headerpad_max_install_names   CMakeFiles/cmTC_e58e3.dir/CheckFunctionExists.c.o  -o cmTC_e58e3 
Undefined symbols for architecture x86_64:
  "_memalign", referenced from:
      _main in CheckFunctionExists.c.o
ld: symbol(s) not found for architecture x86_64
clang: error: linker command failed with exit code 1 (use -v to see invocation)
make[1]: *** [cmTC_e58e3] Error 1
make: *** [cmTC_e58e3/fast] Error 2


Determining if the function ntohll exists failed with the following output:
Change Dir: /Users/verpas/Desktop/mysql_test/Mysql_test/mysql-connector-c-6.1.10-src/cmake/CMakeFiles/CMakeTmp

Run Build Command:"/usr/bin/make" "cmTC_26d3b/fast"
/Applications/Xcode.app/Contents/Developer/usr/bin/make -f CMakeFiles/cmTC_26d3b.dir/build.make CMakeFiles/cmTC_26d3b.dir/build
Building C object CMakeFiles/cmTC_26d3b.dir/CheckFunctionExists.c.o
/Applications/Xcode.app/Contents/Developer/Toolchains/XcodeDefault.xctoolchain/usr/bin/cc   -DCHECK_FUNCTION_EXISTS=ntohll -isysroot /Applications/Xcode.app/Contents/Developer/Platforms/MacOSX.platform/Developer/SDKs/MacOSX10.12.sdk   -o CMakeFiles/cmTC_26d3b.dir/CheckFunctionExists.c.o   -c /Users/verpas/Desktop/cmake-3.8.1/Modules/CheckFunctionExists.c
Linking C executable cmTC_26d3b
/Users/verpas/Desktop/cmake-3.8.1/bin/cmake -E cmake_link_script CMakeFiles/cmTC_26d3b.dir/link.txt --verbose=1
/Applications/Xcode.app/Contents/Developer/Toolchains/XcodeDefault.xctoolchain/usr/bin/cc  -DCHECK_FUNCTION_EXISTS=ntohll -isysroot /Applications/Xcode.app/Contents/Developer/Platforms/MacOSX.platform/Developer/SDKs/MacOSX10.12.sdk -Wl,-search_paths_first -Wl,-headerpad_max_install_names   CMakeFiles/cmTC_26d3b.dir/CheckFunctionExists.c.o  -o cmTC_26d3b 
Undefined symbols for architecture x86_64:
  "_ntohll", referenced from:
      _main in CheckFunctionExists.c.o
ld: symbol(s) not found for architecture x86_64
clang: error: linker command failed with exit code 1 (use -v to see invocation)
make[1]: *** [cmTC_26d3b] Error 1
make: *** [cmTC_26d3b/fast] Error 2


Determining if the function epoll_create exists failed with the following output:
Change Dir: /Users/verpas/Desktop/mysql_test/Mysql_test/mysql-connector-c-6.1.10-src/cmake/CMakeFiles/CMakeTmp

Run Build Command:"/usr/bin/make" "cmTC_9a0c1/fast"
/Applications/Xcode.app/Contents/Developer/usr/bin/make -f CMakeFiles/cmTC_9a0c1.dir/build.make CMakeFiles/cmTC_9a0c1.dir/build
Building C object CMakeFiles/cmTC_9a0c1.dir/CheckFunctionExists.c.o
/Applications/Xcode.app/Contents/Developer/Toolchains/XcodeDefault.xctoolchain/usr/bin/cc   -DCHECK_FUNCTION_EXISTS=epoll_create -isysroot /Applications/Xcode.app/Contents/Developer/Platforms/MacOSX.platform/Developer/SDKs/MacOSX10.12.sdk   -o CMakeFiles/cmTC_9a0c1.dir/CheckFunctionExists.c.o   -c /Users/verpas/Desktop/cmake-3.8.1/Modules/CheckFunctionExists.c
Linking C executable cmTC_9a0c1
/Users/verpas/Desktop/cmake-3.8.1/bin/cmake -E cmake_link_script CMakeFiles/cmTC_9a0c1.dir/link.txt --verbose=1
/Applications/Xcode.app/Contents/Developer/Toolchains/XcodeDefault.xctoolchain/usr/bin/cc  -DCHECK_FUNCTION_EXISTS=epoll_create -isysroot /Applications/Xcode.app/Contents/Developer/Platforms/MacOSX.platform/Developer/SDKs/MacOSX10.12.sdk -Wl,-search_paths_first -Wl,-headerpad_max_install_names   CMakeFiles/cmTC_9a0c1.dir/CheckFunctionExists.c.o  -o cmTC_9a0c1 
Undefined symbols for architecture x86_64:
  "_epoll_create", referenced from:
      _main in CheckFunctionExists.c.o
ld: symbol(s) not found for architecture x86_64
clang: error: linker command failed with exit code 1 (use -v to see invocation)
make[1]: *** [cmTC_9a0c1] Error 1
make: *** [cmTC_9a0c1/fast] Error 2


Determining if the SIGEV_THREAD_ID exist failed with the following output:
Change Dir: /Users/verpas/Desktop/mysql_test/Mysql_test/mysql-connector-c-6.1.10-src/cmake/CMakeFiles/CMakeTmp

Run Build Command:"/usr/bin/make" "cmTC_c0c1e/fast"
/Applications/Xcode.app/Contents/Developer/usr/bin/make -f CMakeFiles/cmTC_c0c1e.dir/build.make CMakeFiles/cmTC_c0c1e.dir/build
Building C object CMakeFiles/cmTC_c0c1e.dir/CheckSymbolExists.c.o
/Applications/Xcode.app/Contents/Developer/Toolchains/XcodeDefault.xctoolchain/usr/bin/cc   -isysroot /Applications/Xcode.app/Contents/Developer/Platforms/MacOSX.platform/Developer/SDKs/MacOSX10.12.sdk   -o CMakeFiles/cmTC_c0c1e.dir/CheckSymbolExists.c.o   -c /Users/verpas/Desktop/mysql_test/Mysql_test/mysql-connector-c-6.1.10-src/cmake/CMakeFiles/CMakeTmp/CheckSymbolExists.c
/Users/verpas/Desktop/mysql_test/Mysql_test/mysql-connector-c-6.1.10-src/cmake/CMakeFiles/CMakeTmp/CheckSymbolExists.c:9:19: error: use of undeclared identifier 'SIGEV_THREAD_ID'
  return ((int*)(&SIGEV_THREAD_ID))[argc];
                  ^
1 error generated.
make[1]: *** [CMakeFiles/cmTC_c0c1e.dir/CheckSymbolExists.c.o] Error 1
make: *** [cmTC_c0c1e/fast] Error 2

File /Users/verpas/Desktop/mysql_test/Mysql_test/mysql-connector-c-6.1.10-src/cmake/CMakeFiles/CMakeTmp/CheckSymbolExists.c:
/* */
#include <signal.h>
#include <time.h>

int main(int argc, char** argv)
{
  (void)argv;
#ifndef SIGEV_THREAD_ID
  return ((int*)(&SIGEV_THREAD_ID))[argc];
#else
  (void)argc;
  return 0;
#endif
}

Determining if the SIGEV_PORT exist failed with the following output:
Change Dir: /Users/verpas/Desktop/mysql_test/Mysql_test/mysql-connector-c-6.1.10-src/cmake/CMakeFiles/CMakeTmp

Run Build Command:"/usr/bin/make" "cmTC_fec9a/fast"
/Applications/Xcode.app/Contents/Developer/usr/bin/make -f CMakeFiles/cmTC_fec9a.dir/build.make CMakeFiles/cmTC_fec9a.dir/build
Building C object CMakeFiles/cmTC_fec9a.dir/CheckSymbolExists.c.o
/Applications/Xcode.app/Contents/Developer/Toolchains/XcodeDefault.xctoolchain/usr/bin/cc   -isysroot /Applications/Xcode.app/Contents/Developer/Platforms/MacOSX.platform/Developer/SDKs/MacOSX10.12.sdk   -o CMakeFiles/cmTC_fec9a.dir/CheckSymbolExists.c.o   -c /Users/verpas/Desktop/mysql_test/Mysql_test/mysql-connector-c-6.1.10-src/cmake/CMakeFiles/CMakeTmp/CheckSymbolExists.c
/Users/verpas/Desktop/mysql_test/Mysql_test/mysql-connector-c-6.1.10-src/cmake/CMakeFiles/CMakeTmp/CheckSymbolExists.c:4:10: fatal error: 'sys/siginfo.h' file not found
#include <sys/siginfo.h>
         ^
1 error generated.
make[1]: *** [CMakeFiles/cmTC_fec9a.dir/CheckSymbolExists.c.o] Error 1
make: *** [cmTC_fec9a/fast] Error 2

File /Users/verpas/Desktop/mysql_test/Mysql_test/mysql-connector-c-6.1.10-src/cmake/CMakeFiles/CMakeTmp/CheckSymbolExists.c:
/* */
#include <signal.h>
#include <time.h>
#include <sys/siginfo.h>

int main(int argc, char** argv)
{
  (void)argv;
#ifndef SIGEV_PORT
  return ((int*)(&SIGEV_PORT))[argc];
#else
  (void)argc;
  return 0;
#endif
}

Determining if the function timer_create exists failed with the following output:
Change Dir: /Users/verpas/Desktop/mysql_test/Mysql_test/mysql-connector-c-6.1.10-src/cmake/CMakeFiles/CMakeTmp

Run Build Command:"/usr/bin/make" "cmTC_e9a3d/fast"
/Applications/Xcode.app/Contents/Developer/usr/bin/make -f CMakeFiles/cmTC_e9a3d.dir/build.make CMakeFiles/cmTC_e9a3d.dir/build
Building C object CMakeFiles/cmTC_e9a3d.dir/CheckFunctionExists.c.o
/Applications/Xcode.app/Contents/Developer/Toolchains/XcodeDefault.xctoolchain/usr/bin/cc   -DCHECK_FUNCTION_EXISTS=timer_create -isysroot /Applications/Xcode.app/Contents/Developer/Platforms/MacOSX.platform/Developer/SDKs/MacOSX10.12.sdk   -o CMakeFiles/cmTC_e9a3d.dir/CheckFunctionExists.c.o   -c /Users/verpas/Desktop/cmake-3.8.1/Modules/CheckFunctionExists.c
Linking C executable cmTC_e9a3d
/Users/verpas/Desktop/cmake-3.8.1/bin/cmake -E cmake_link_script CMakeFiles/cmTC_e9a3d.dir/link.txt --verbose=1
/Applications/Xcode.app/Contents/Developer/Toolchains/XcodeDefault.xctoolchain/usr/bin/cc  -DCHECK_FUNCTION_EXISTS=timer_create -isysroot /Applications/Xcode.app/Contents/Developer/Platforms/MacOSX.platform/Developer/SDKs/MacOSX10.12.sdk -Wl,-search_paths_first -Wl,-headerpad_max_install_names   CMakeFiles/cmTC_e9a3d.dir/CheckFunctionExists.c.o  -o cmTC_e9a3d 
Undefined symbols for architecture x86_64:
  "_timer_create", referenced from:
      _main in CheckFunctionExists.c.o
ld: symbol(s) not found for architecture x86_64
clang: error: linker command failed with exit code 1 (use -v to see invocation)
make[1]: *** [cmTC_e9a3d] Error 1
make: *** [cmTC_e9a3d/fast] Error 2


Determining if the function timer_settime exists failed with the following output:
Change Dir: /Users/verpas/Desktop/mysql_test/Mysql_test/mysql-connector-c-6.1.10-src/cmake/CMakeFiles/CMakeTmp

Run Build Command:"/usr/bin/make" "cmTC_480c4/fast"
/Applications/Xcode.app/Contents/Developer/usr/bin/make -f CMakeFiles/cmTC_480c4.dir/build.make CMakeFiles/cmTC_480c4.dir/build
Building C object CMakeFiles/cmTC_480c4.dir/CheckFunctionExists.c.o
/Applications/Xcode.app/Contents/Developer/Toolchains/XcodeDefault.xctoolchain/usr/bin/cc   -DCHECK_FUNCTION_EXISTS=timer_settime -isysroot /Applications/Xcode.app/Contents/Developer/Platforms/MacOSX.platform/Developer/SDKs/MacOSX10.12.sdk   -o CMakeFiles/cmTC_480c4.dir/CheckFunctionExists.c.o   -c /Users/verpas/Desktop/cmake-3.8.1/Modules/CheckFunctionExists.c
Linking C executable cmTC_480c4
/Users/verpas/Desktop/cmake-3.8.1/bin/cmake -E cmake_link_script CMakeFiles/cmTC_480c4.dir/link.txt --verbose=1
/Applications/Xcode.app/Contents/Developer/Toolchains/XcodeDefault.xctoolchain/usr/bin/cc  -DCHECK_FUNCTION_EXISTS=timer_settime -isysroot /Applications/Xcode.app/Contents/Developer/Platforms/MacOSX.platform/Developer/SDKs/MacOSX10.12.sdk -Wl,-search_paths_first -Wl,-headerpad_max_install_names   CMakeFiles/cmTC_480c4.dir/CheckFunctionExists.c.o  -o cmTC_480c4 
Undefined symbols for architecture x86_64:
  "_timer_settime", referenced from:
      _main in CheckFunctionExists.c.o
ld: symbol(s) not found for architecture x86_64
clang: error: linker command failed with exit code 1 (use -v to see invocation)
make[1]: *** [cmTC_480c4] Error 1
make: *** [cmTC_480c4/fast] Error 2


Determining size of ulong failed with the following output:
Change Dir: /Users/verpas/Desktop/mysql_test/Mysql_test/mysql-connector-c-6.1.10-src/cmake/CMakeFiles/CMakeTmp

Run Build Command:"/usr/bin/make" "cmTC_7fcd1/fast"
/Applications/Xcode.app/Contents/Developer/usr/bin/make -f CMakeFiles/cmTC_7fcd1.dir/build.make CMakeFiles/cmTC_7fcd1.dir/build
Building C object CMakeFiles/cmTC_7fcd1.dir/SIZEOF_ULONG.c.o
/Applications/Xcode.app/Contents/Developer/Toolchains/XcodeDefault.xctoolchain/usr/bin/cc -D_FILE_OFFSET_BITS=64 -D_LARGEFILE_SOURCE -D_LARGE_FILES -D__STDC_CONSTANT_MACROS -D__STDC_FORMAT_MACROS -D__STDC_LIMIT_MACROS  -isysroot /Applications/Xcode.app/Contents/Developer/Platforms/MacOSX.platform/Developer/SDKs/MacOSX10.12.sdk   -o CMakeFiles/cmTC_7fcd1.dir/SIZEOF_ULONG.c.o   -c /Users/verpas/Desktop/mysql_test/Mysql_test/mysql-connector-c-6.1.10-src/cmake/CMakeFiles/CheckTypeSize/SIZEOF_ULONG.c
/Users/verpas/Desktop/mysql_test/Mysql_test/mysql-connector-c-6.1.10-src/cmake/CMakeFiles/CheckTypeSize/SIZEOF_ULONG.c:23:12: error: use of undeclared identifier 'ulong'; did you mean 'long'?
  ('0' + ((SIZE / 10000)%10)),
           ^
/Users/verpas/Desktop/mysql_test/Mysql_test/mysql-connector-c-6.1.10-src/cmake/CMakeFiles/CheckTypeSize/SIZEOF_ULONG.c:21:22: note: expanded from macro 'SIZE'
#define SIZE (sizeof(ulong))
                     ^
/Users/verpas/Desktop/mysql_test/Mysql_test/mysql-connector-c-6.1.10-src/cmake/CMakeFiles/CheckTypeSize/SIZEOF_ULONG.c:23:12: error: reference to overloaded function could not be resolved; did you mean to call it?
  ('0' + ((SIZE / 10000)%10)),
           ^~~~
/Users/verpas/Desktop/mysql_test/Mysql_test/mysql-connector-c-6.1.10-src/cmake/CMakeFiles/CheckTypeSize/SIZEOF_ULONG.c:21:21: note: expanded from macro 'SIZE'
#define SIZE (sizeof(ulong))
                    ^~~~~~~
/Users/verpas/Desktop/mysql_test/Mysql_test/mysql-connector-c-6.1.10-src/cmake/CMakeFiles/CheckTypeSize/SIZEOF_ULONG.c:24:12: error: use of undeclared identifier 'ulong'; did you mean 'long'?
  ('0' + ((SIZE / 1000)%10)),
           ^
/Users/verpas/Desktop/mysql_test/Mysql_test/mysql-connector-c-6.1.10-src/cmake/CMakeFiles/CheckTypeSize/SIZEOF_ULONG.c:21:22: note: expanded from macro 'SIZE'
#define SIZE (sizeof(ulong))
                     ^
/Users/verpas/Desktop/mysql_test/Mysql_test/mysql-connector-c-6.1.10-src/cmake/CMakeFiles/CheckTypeSize/SIZEOF_ULONG.c:24:12: error: reference to overloaded function could not be resolved; did you mean to call it?
  ('0' + ((SIZE / 1000)%10)),
           ^~~~
/Users/verpas/Desktop/mysql_test/Mysql_test/mysql-connector-c-6.1.10-src/cmake/CMakeFiles/CheckTypeSize/SIZEOF_ULONG.c:21:21: note: expanded from macro 'SIZE'
#define SIZE (sizeof(ulong))
                    ^~~~~~~
/Users/verpas/Desktop/mysql_test/Mysql_test/mysql-connector-c-6.1.10-src/cmake/CMakeFiles/CheckTypeSize/SIZEOF_ULONG.c:25:12: error: use of undeclared identifier 'ulong'; did you mean 'long'?
  ('0' + ((SIZE / 100)%10)),
           ^
/Users/verpas/Desktop/mysql_test/Mysql_test/mysql-connector-c-6.1.10-src/cmake/CMakeFiles/CheckTypeSize/SIZEOF_ULONG.c:21:22: note: expanded from macro 'SIZE'
#define SIZE (sizeof(ulong))
                     ^
/Users/verpas/Desktop/mysql_test/Mysql_test/mysql-connector-c-6.1.10-src/cmake/CMakeFiles/CheckTypeSize/SIZEOF_ULONG.c:25:12: error: reference to overloaded function could not be resolved; did you mean to call it?
  ('0' + ((SIZE / 100)%10)),
           ^~~~
/Users/verpas/Desktop/mysql_test/Mysql_test/mysql-connector-c-6.1.10-src/cmake/CMakeFiles/CheckTypeSize/SIZEOF_ULONG.c:21:21: note: expanded from macro 'SIZE'
#define SIZE (sizeof(ulong))
                    ^~~~~~~
/Users/verpas/Desktop/mysql_test/Mysql_test/mysql-connector-c-6.1.10-src/cmake/CMakeFiles/CheckTypeSize/SIZEOF_ULONG.c:26:12: error: use of undeclared identifier 'ulong'; did you mean 'long'?
  ('0' + ((SIZE / 10)%10)),
           ^
/Users/verpas/Desktop/mysql_test/Mysql_test/mysql-connector-c-6.1.10-src/cmake/CMakeFiles/CheckTypeSize/SIZEOF_ULONG.c:21:22: note: expanded from macro 'SIZE'
#define SIZE (sizeof(ulong))
                     ^
/Users/verpas/Desktop/mysql_test/Mysql_test/mysql-connector-c-6.1.10-src/cmake/CMakeFiles/CheckTypeSize/SIZEOF_ULONG.c:26:12: error: reference to overloaded function could not be resolved; did you mean to call it?
  ('0' + ((SIZE / 10)%10)),
           ^~~~
/Users/verpas/Desktop/mysql_test/Mysql_test/mysql-connector-c-6.1.10-src/cmake/CMakeFiles/CheckTypeSize/SIZEOF_ULONG.c:21:21: note: expanded from macro 'SIZE'
#define SIZE (sizeof(ulong))
                    ^~~~~~~
/Users/verpas/Desktop/mysql_test/Mysql_test/mysql-connector-c-6.1.10-src/cmake/CMakeFiles/CheckTypeSize/SIZEOF_ULONG.c:27:12: error: use of undeclared identifier 'ulong'; did you mean 'long'?
  ('0' +  (SIZE    % 10)),
           ^
/Users/verpas/Desktop/mysql_test/Mysql_test/mysql-connector-c-6.1.10-src/cmake/CMakeFiles/CheckTypeSize/SIZEOF_ULONG.c:21:22: note: expanded from macro 'SIZE'
#define SIZE (sizeof(ulong))
                     ^
/Users/verpas/Desktop/mysql_test/Mysql_test/mysql-connector-c-6.1.10-src/cmake/CMakeFiles/CheckTypeSize/SIZEOF_ULONG.c:27:12: error: reference to overloaded function could not be resolved; did you mean to call it?
  ('0' +  (SIZE    % 10)),
           ^~~~
/Users/verpas/Desktop/mysql_test/Mysql_test/mysql-connector-c-6.1.10-src/cmake/CMakeFiles/CheckTypeSize/SIZEOF_ULONG.c:21:21: note: expanded from macro 'SIZE'
#define SIZE (sizeof(ulong))
                    ^~~~~~~
10 errors generated.
make[1]: *** [CMakeFiles/cmTC_7fcd1.dir/SIZEOF_ULONG.c.o] Error 1
make: *** [cmTC_7fcd1/fast] Error 2

/Users/verpas/Desktop/mysql_test/Mysql_test/mysql-connector-c-6.1.10-src/cmake/CMakeFiles/CheckTypeSize/SIZEOF_ULONG.c:
#include <sys/types.h>
#include <stdint.h>
#include <stddef.h>
#include "stdint.h"
#include "stdio.h"
#include "sys/types.h"
#include "time.h"


#undef KEY
#if defined(__i386)
# define KEY '_','_','i','3','8','6'
#elif defined(__x86_64)
# define KEY '_','_','x','8','6','_','6','4'
#elif defined(__ppc__)
# define KEY '_','_','p','p','c','_','_'
#elif defined(__ppc64__)
# define KEY '_','_','p','p','c','6','4','_','_'
#endif

#define SIZE (sizeof(ulong))
char info_size[] =  {'I', 'N', 'F', 'O', ':', 's','i','z','e','[',
  ('0' + ((SIZE / 10000)%10)),
  ('0' + ((SIZE / 1000)%10)),
  ('0' + ((SIZE / 100)%10)),
  ('0' + ((SIZE / 10)%10)),
  ('0' +  (SIZE    % 10)),
  ']',
#ifdef KEY
  ' ','k','e','y','[', KEY, ']',
#endif
  '\0'};

#ifdef __CLASSIC_C__
int main(argc, argv) int argc; char *argv[];
#else
int main(int argc, char *argv[])
#endif
{
  int require = 0;
  require += info_size[argc];
  (void)argv;
  return require;
}


Performing C SOURCE FILE Test HAVE_BSS_START failed with the following output:
Change Dir: /Users/verpas/Desktop/mysql_test/Mysql_test/mysql-connector-c-6.1.10-src/cmake/CMakeFiles/CMakeTmp

Run Build Command:"/usr/bin/make" "cmTC_e51f8/fast"
/Applications/Xcode.app/Contents/Developer/usr/bin/make -f CMakeFiles/cmTC_e51f8.dir/build.make CMakeFiles/cmTC_e51f8.dir/build
Building C object CMakeFiles/cmTC_e51f8.dir/src.c.o
/Applications/Xcode.app/Contents/Developer/Toolchains/XcodeDefault.xctoolchain/usr/bin/cc -D_FILE_OFFSET_BITS=64 -D_LARGEFILE_SOURCE -D_LARGE_FILES -D__STDC_CONSTANT_MACROS -D__STDC_FORMAT_MACROS -D__STDC_LIMIT_MACROS  -DHAVE_BSS_START -isysroot /Applications/Xcode.app/Contents/Developer/Platforms/MacOSX.platform/Developer/SDKs/MacOSX10.12.sdk   -o CMakeFiles/cmTC_e51f8.dir/src.c.o   -c /Users/verpas/Desktop/mysql_test/Mysql_test/mysql-connector-c-6.1.10-src/cmake/CMakeFiles/CMakeTmp/src.c
Linking C executable cmTC_e51f8
/Users/verpas/Desktop/cmake-3.8.1/bin/cmake -E cmake_link_script CMakeFiles/cmTC_e51f8.dir/link.txt --verbose=1
/Applications/Xcode.app/Contents/Developer/Toolchains/XcodeDefault.xctoolchain/usr/bin/cc  -DHAVE_BSS_START -isysroot /Applications/Xcode.app/Contents/Developer/Platforms/MacOSX.platform/Developer/SDKs/MacOSX10.12.sdk -Wl,-search_paths_first -Wl,-headerpad_max_install_names   CMakeFiles/cmTC_e51f8.dir/src.c.o  -o cmTC_e51f8 
Undefined symbols for architecture x86_64:
  "___bss_start", referenced from:
      _main in src.c.o
ld: symbol(s) not found for architecture x86_64
clang: error: linker command failed with exit code 1 (use -v to see invocation)
make[1]: *** [cmTC_e51f8] Error 1
make: *** [cmTC_e51f8/fast] Error 2

Source file was:

  int main(int argc, char **argv) 
  {
    extern char *__bss_start;
    return __bss_start ? 1 : 0;
  }
Determining if the include file netinet/in6.h exists failed with the following output:
Change Dir: /Users/verpas/Desktop/mysql_test/Mysql_test/mysql-connector-c-6.1.10-src/cmake/CMakeFiles/CMakeTmp

Run Build Command:"/usr/bin/make" "cmTC_28b89/fast"
/Applications/Xcode.app/Contents/Developer/usr/bin/make -f CMakeFiles/cmTC_28b89.dir/build.make CMakeFiles/cmTC_28b89.dir/build
Building C object CMakeFiles/cmTC_28b89.dir/CheckIncludeFile.c.o
/Applications/Xcode.app/Contents/Developer/Toolchains/XcodeDefault.xctoolchain/usr/bin/cc -D_FILE_OFFSET_BITS=64 -D_LARGEFILE_SOURCE -D_LARGE_FILES -D__STDC_CONSTANT_MACROS -D__STDC_FORMAT_MACROS -D__STDC_LIMIT_MACROS  -isysroot /Applications/Xcode.app/Contents/Developer/Platforms/MacOSX.platform/Developer/SDKs/MacOSX10.12.sdk   -o CMakeFiles/cmTC_28b89.dir/CheckIncludeFile.c.o   -c /Users/verpas/Desktop/mysql_test/Mysql_test/mysql-connector-c-6.1.10-src/cmake/CMakeFiles/CMakeTmp/CheckIncludeFile.c
/Users/verpas/Desktop/mysql_test/Mysql_test/mysql-connector-c-6.1.10-src/cmake/CMakeFiles/CMakeTmp/CheckIncludeFile.c:1:10: fatal error: 'netinet/in6.h' file not found
#include <netinet/in6.h>
         ^
1 error generated.
make[1]: *** [CMakeFiles/cmTC_28b89.dir/CheckIncludeFile.c.o] Error 1
make: *** [cmTC_28b89/fast] Error 2


Performing C++ SOURCE FILE Test HAVE_IMPLICIT_DEPENDENT_NAME_TYPING failed with the following output:
Change Dir: /Users/verpas/Desktop/mysql_test/Mysql_test/mysql-connector-c-6.1.10-src/cmake/CMakeFiles/CMakeTmp

Run Build Command:"/usr/bin/make" "cmTC_27789/fast"
/Applications/Xcode.app/Contents/Developer/usr/bin/make -f CMakeFiles/cmTC_27789.dir/build.make CMakeFiles/cmTC_27789.dir/build
Building CXX object CMakeFiles/cmTC_27789.dir/src.cxx.o
/Applications/Xcode.app/Contents/Developer/Toolchains/XcodeDefault.xctoolchain/usr/bin/c++  -D_FILE_OFFSET_BITS=64 -D_LARGEFILE_SOURCE -D_LARGE_FILES -D__STDC_CONSTANT_MACROS -D__STDC_FORMAT_MACROS -D__STDC_LIMIT_MACROS  -DHAVE_IMPLICIT_DEPENDENT_NAME_TYPING -isysroot /Applications/Xcode.app/Contents/Developer/Platforms/MacOSX.platform/Developer/SDKs/MacOSX10.12.sdk   -o CMakeFiles/cmTC_27789.dir/src.cxx.o -c /Users/verpas/Desktop/mysql_test/Mysql_test/mysql-connector-c-6.1.10-src/cmake/CMakeFiles/CMakeTmp/src.cxx
/Users/verpas/Desktop/mysql_test/Mysql_test/mysql-connector-c-6.1.10-src/cmake/CMakeFiles/CMakeTmp/src.cxx:15:5: error: missing 'typename' prior to dependent type name 'std::vector<T>::iterator'
    std::vector<T>::iterator itr = vec.begin();
    ^~~~~~~~~~~~~~~~~~~~~~~~
    typename 
1 error generated.
make[1]: *** [CMakeFiles/cmTC_27789.dir/src.cxx.o] Error 1
make: *** [cmTC_27789/fast] Error 2

Source file was:

  #include <vector>
  template<typename T>
  class ct2
  {
  public:
    typedef T type;
    void func();
  };

  template<typename T>
  void ct2<T>::func()
  {
    std::vector<T> vec;
    std::vector<T>::iterator itr = vec.begin();
  }

  int main(int argc, char **argv)
  {
    ct2<double> o2;
    o2.func();
    return 0;
  }
  
Determining if files numaif.h exist failed with the following output:
Change Dir: /Users/verpas/Desktop/mysql_test/Mysql_test/mysql-connector-c-6.1.10-src/cmake/CMakeFiles/CMakeTmp

Run Build Command:"/usr/bin/make" "cmTC_6a0f0/fast"
/Applications/Xcode.app/Contents/Developer/usr/bin/make -f CMakeFiles/cmTC_6a0f0.dir/build.make CMakeFiles/cmTC_6a0f0.dir/build
Building C object CMakeFiles/cmTC_6a0f0.dir/CheckIncludeFiles.c.o
/Applications/Xcode.app/Contents/Developer/Toolchains/XcodeDefault.xctoolchain/usr/bin/cc -D_FILE_OFFSET_BITS=64 -D_LARGEFILE_SOURCE -D_LARGE_FILES -D__STDC_CONSTANT_MACROS -D__STDC_FORMAT_MACROS -D__STDC_LIMIT_MACROS  -isysroot /Applications/Xcode.app/Contents/Developer/Platforms/MacOSX.platform/Developer/SDKs/MacOSX10.12.sdk   -o CMakeFiles/cmTC_6a0f0.dir/CheckIncludeFiles.c.o   -c /Users/verpas/Desktop/mysql_test/Mysql_test/mysql-connector-c-6.1.10-src/cmake/CMakeFiles/CMakeTmp/CheckIncludeFiles.c
/Users/verpas/Desktop/mysql_test/Mysql_test/mysql-connector-c-6.1.10-src/cmake/CMakeFiles/CMakeTmp/CheckIncludeFiles.c:2:10: fatal error: 'numaif.h' file not found
#include <numaif.h>
         ^
1 error generated.
make[1]: *** [CMakeFiles/cmTC_6a0f0.dir/CheckIncludeFiles.c.o] Error 1
make: *** [cmTC_6a0f0/fast] Error 2

Source:
/* */
#include <numaif.h>


int main(void){return 0;}

Determining size of socklen_t failed with the following output:
Change Dir: /Users/verpas/Desktop/mysql_test/Mysql_test/mysql-connector-c-6.1.10-src/cmake/CMakeFiles/CMakeTmp

Run Build Command:"/usr/bin/make" "cmTC_7b961/fast"
/Applications/Xcode.app/Contents/Developer/usr/bin/make -f CMakeFiles/cmTC_7b961.dir/build.make CMakeFiles/cmTC_7b961.dir/build
Building C object CMakeFiles/cmTC_7b961.dir/SIZEOF_SOCKLEN_T.c.o
/Applications/Xcode.app/Contents/Developer/Toolchains/XcodeDefault.xctoolchain/usr/bin/cc -D_FILE_OFFSET_BITS=64 -D_LARGEFILE_SOURCE -D_LARGE_FILES -D__STDC_CONSTANT_MACROS -D__STDC_FORMAT_MACROS -D__STDC_LIMIT_MACROS  -isysroot /Applications/Xcode.app/Contents/Developer/Platforms/MacOSX.platform/Developer/SDKs/MacOSX10.12.sdk   -o CMakeFiles/cmTC_7b961.dir/SIZEOF_SOCKLEN_T.c.o   -c /Users/verpas/Desktop/mysql_test/Mysql_test/mysql-connector-c-6.1.10-src/cmake/CMakeFiles/CheckTypeSize/SIZEOF_SOCKLEN_T.c
/Users/verpas/Desktop/mysql_test/Mysql_test/mysql-connector-c-6.1.10-src/cmake/CMakeFiles/CheckTypeSize/SIZEOF_SOCKLEN_T.c:19:12: error: use of undeclared identifier 'socklen_t'
  ('0' + ((SIZE / 10000)%10)),
           ^
/Users/verpas/Desktop/mysql_test/Mysql_test/mysql-connector-c-6.1.10-src/cmake/CMakeFiles/CheckTypeSize/SIZEOF_SOCKLEN_T.c:17:22: note: expanded from macro 'SIZE'
#define SIZE (sizeof(socklen_t))
                     ^
/Users/verpas/Desktop/mysql_test/Mysql_test/mysql-connector-c-6.1.10-src/cmake/CMakeFiles/CheckTypeSize/SIZEOF_SOCKLEN_T.c:20:12: error: use of undeclared identifier 'socklen_t'
  ('0' + ((SIZE / 1000)%10)),
           ^
/Users/verpas/Desktop/mysql_test/Mysql_test/mysql-connector-c-6.1.10-src/cmake/CMakeFiles/CheckTypeSize/SIZEOF_SOCKLEN_T.c:17:22: note: expanded from macro 'SIZE'
#define SIZE (sizeof(socklen_t))
                     ^
/Users/verpas/Desktop/mysql_test/Mysql_test/mysql-connector-c-6.1.10-src/cmake/CMakeFiles/CheckTypeSize/SIZEOF_SOCKLEN_T.c:21:12: error: use of undeclared identifier 'socklen_t'
  ('0' + ((SIZE / 100)%10)),
           ^
/Users/verpas/Desktop/mysql_test/Mysql_test/mysql-connector-c-6.1.10-src/cmake/CMakeFiles/CheckTypeSize/SIZEOF_SOCKLEN_T.c:17:22: note: expanded from macro 'SIZE'
#define SIZE (sizeof(socklen_t))
                     ^
/Users/verpas/Desktop/mysql_test/Mysql_test/mysql-connector-c-6.1.10-src/cmake/CMakeFiles/CheckTypeSize/SIZEOF_SOCKLEN_T.c:22:12: error: use of undeclared identifier 'socklen_t'
  ('0' + ((SIZE / 10)%10)),
           ^
/Users/verpas/Desktop/mysql_test/Mysql_test/mysql-connector-c-6.1.10-src/cmake/CMakeFiles/CheckTypeSize/SIZEOF_SOCKLEN_T.c:17:22: note: expanded from macro 'SIZE'
#define SIZE (sizeof(socklen_t))
                     ^
/Users/verpas/Desktop/mysql_test/Mysql_test/mysql-connector-c-6.1.10-src/cmake/CMakeFiles/CheckTypeSize/SIZEOF_SOCKLEN_T.c:23:12: error: use of undeclared identifier 'socklen_t'
  ('0' +  (SIZE    % 10)),
           ^
/Users/verpas/Desktop/mysql_test/Mysql_test/mysql-connector-c-6.1.10-src/cmake/CMakeFiles/CheckTypeSize/SIZEOF_SOCKLEN_T.c:17:22: note: expanded from macro 'SIZE'
#define SIZE (sizeof(socklen_t))
                     ^
5 errors generated.
make[1]: *** [CMakeFiles/cmTC_7b961.dir/SIZEOF_SOCKLEN_T.c.o] Error 1
make: *** [cmTC_7b961/fast] Error 2

/Users/verpas/Desktop/mysql_test/Mysql_test/mysql-connector-c-6.1.10-src/cmake/CMakeFiles/CheckTypeSize/SIZEOF_SOCKLEN_T.c:
#include <sys/types.h>
#include <stdint.h>
#include <stddef.h>


#undef KEY
#if defined(__i386)
# define KEY '_','_','i','3','8','6'
#elif defined(__x86_64)
# define KEY '_','_','x','8','6','_','6','4'
#elif defined(__ppc__)
# define KEY '_','_','p','p','c','_','_'
#elif defined(__ppc64__)
# define KEY '_','_','p','p','c','6','4','_','_'
#endif

#define SIZE (sizeof(socklen_t))
char info_size[] =  {'I', 'N', 'F', 'O', ':', 's','i','z','e','[',
  ('0' + ((SIZE / 10000)%10)),
  ('0' + ((SIZE / 1000)%10)),
  ('0' + ((SIZE / 100)%10)),
  ('0' + ((SIZE / 10)%10)),
  ('0' +  (SIZE    % 10)),
  ']',
#ifdef KEY
  ' ','k','e','y','[', KEY, ']',
#endif
  '\0'};

#ifdef __CLASSIC_C__
int main(argc, argv) int argc; char *argv[];
#else
int main(int argc, char *argv[])
#endif
{
  int require = 0;
  require += info_size[argc];
  (void)argv;
  return require;
}


